[idle]: 20:53:08.351615 0 
[send]: 20:53:08.604198 1 B
[recv]: 20:53:08.855114 2 Queued Messages: 1
[recv]: 20:53:09.107686 3 Queued Messages: 0
[send]: 20:53:09.358611 4 A
[idle]: 20:53:09.611395 5 
[idle]: 20:53:09.862241 6 
[recv]: 20:53:10.114168 7 Queued Messages: 0
[recv]: 20:53:10.367142 8 Queued Messages: 0
[send]: 20:53:10.619478 9 A
[idle]: 20:53:10.870411 10 
[send]: 20:53:11.122674 11 B
[send]: 20:53:11.374495 12 AB
[idle]: 20:53:11.625938 13 
[idle]: 20:53:11.877287 14 
[idle]: 20:53:12.127984 15 
[recv]: 20:53:12.379177 16 Queued Messages: 0
[idle]: 20:53:12.630668 17 
[recv]: 20:53:12.882636 18 Queued Messages: 0
[recv]: 20:53:13.134694 19 Queued Messages: 0
[idle]: 20:53:13.386193 20 
[idle]: 20:53:13.639384 21 
[send]: 20:53:13.892209 22 B
[idle]: 20:53:14.143286 23 
[send]: 20:53:14.394767 24 A
[idle]: 20:53:14.646287 25 
[recv]: 20:53:14.904983 26 Queued Messages: 0
[idle]: 20:53:15.182692 27 
[recv]: 20:53:15.452220 28 Queued Messages: 0
[send]: 20:53:15.703169 29 B
[recv]: 20:53:15.954267 30 Queued Messages: 0
[send]: 20:53:16.205898 31 A
[send]: 20:53:16.456782 32 A
[idle]: 20:53:16.707680 33 
[idle]: 20:53:16.960049 34 
[idle]: 20:53:17.212991 35 
[recv]: 20:53:17.464936 36 Queued Messages: 0
[recv]: 20:53:17.716619 37 Queued Messages: 0
[recv]: 20:53:17.968362 38 Queued Messages: 0
[recv]: 20:53:18.220047 39 Queued Messages: 0
[recv]: 20:53:18.470855 40 Queued Messages: 0
[send]: 20:53:18.722484 41 B
[send]: 20:53:18.973676 42 B
[send]: 20:53:19.225095 43 B
[recv]: 20:53:19.476053 44 Queued Messages: 0
[idle]: 20:53:19.727983 45 
[recv]: 20:53:19.979091 46 Queued Messages: 0
[send]: 20:53:20.230318 47 A
[send]: 20:53:20.482442 48 B
[idle]: 20:53:20.734400 49 
[recv]: 20:53:20.985416 50 Queued Messages: 0
[send]: 20:53:21.237703 51 B
[recv]: 20:53:21.489994 52 Queued Messages: 0
[recv]: 20:53:21.741289 53 Queued Messages: 0
[send]: 20:53:21.994419 54 AB
[idle]: 20:53:22.246266 55 
[send]: 20:53:22.498016 56 B
[send]: 20:53:22.749884 57 B
[send]: 20:53:23.002771 58 A
[send]: 20:53:23.256306 59 AB
[send]: 20:53:23.507999 60 A
[send]: 20:53:23.760205 61 B
[recv]: 20:53:24.011895 62 Queued Messages: 0
[send]: 20:53:24.264390 63 AB
[idle]: 20:53:24.515665 64 
[send]: 20:53:24.767314 65 AB
[recv]: 20:53:25.020529 66 Queued Messages: 0
[send]: 20:53:25.272907 67 B
[recv]: 20:53:25.524284 68 Queued Messages: 0
[idle]: 20:53:25.775545 69 
[idle]: 20:53:26.027157 70 
[recv]: 20:53:26.278533 71 Queued Messages: 0
[idle]: 20:53:26.529745 72 
[recv]: 20:53:26.780705 73 Queued Messages: 0
[recv]: 20:53:27.031760 74 Queued Messages: 0
[send]: 20:53:27.284166 75 A
[send]: 20:53:27.536100 76 B
[idle]: 20:53:27.786948 77 
[send]: 20:53:28.039051 78 AB
[idle]: 20:53:28.290271 79 
[send]: 20:53:28.541153 80 A
[send]: 20:53:28.792431 81 AB
[idle]: 20:53:29.043621 82 
[recv]: 20:53:29.295360 83 Queued Messages: 0
[recv]: 20:53:29.546996 84 Queued Messages: 0
[send]: 20:53:29.798810 85 B
[recv]: 20:53:30.049541 86 Queued Messages: 0
[send]: 20:53:30.300491 87 AB
[idle]: 20:53:30.553045 88 
[idle]: 20:53:30.803539 89 
[recv]: 20:53:31.055530 90 Queued Messages: 0
[recv]: 20:53:31.307244 91 Queued Messages: 0
[idle]: 20:53:31.558810 92 
[recv]: 20:53:31.812538 93 Queued Messages: 0
[send]: 20:53:32.065160 94 B
[send]: 20:53:32.318743 95 AB
[send]: 20:53:32.572206 96 AB
[send]: 20:53:32.824144 97 A
[send]: 20:53:33.076790 98 B
[idle]: 20:53:33.328222 99 
[recv]: 20:53:33.579657 100 Queued Messages: 0
[send]: 20:53:33.831833 101 A
[send]: 20:53:34.084313 102 A
[send]: 20:53:34.336269 103 A
[send]: 20:53:34.588826 104 A
[send]: 20:53:34.839724 105 B
[recv]: 20:53:35.091133 106 Queued Messages: 0
[send]: 20:53:35.342750 107 B
[send]: 20:53:35.594409 108 B
[idle]: 20:53:35.845830 109 
[recv]: 20:53:36.097560 110 Queued Messages: 0
[recv]: 20:53:36.350271 111 Queued Messages: 0
[idle]: 20:53:36.602292 112 
[idle]: 20:53:36.854747 113 
[idle]: 20:53:37.106699 114 
[recv]: 20:53:37.358418 115 Queued Messages: 0
[recv]: 20:53:37.609819 116 Queued Messages: 0
[send]: 20:53:37.864301 117 B
[idle]: 20:53:38.116752 118 
[send]: 20:53:38.368907 119 AB
[idle]: 20:53:38.621001 120 
[send]: 20:53:38.874028 121 A
[idle]: 20:53:39.128061 122 
[send]: 20:53:39.380276 123 AB
[idle]: 20:53:39.632252 124 
[idle]: 20:53:39.884150 125 
[send]: 20:53:40.135166 126 B
[recv]: 20:53:40.389677 127 Queued Messages: 0
[send]: 20:53:40.641561 128 AB
[send]: 20:53:40.894074 129 AB
[send]: 20:53:41.146245 130 B
[send]: 20:53:41.398791 131 AB
[idle]: 20:53:41.650093 132 
[send]: 20:53:41.900957 133 B
[idle]: 20:53:42.152432 134 
[send]: 20:53:42.403970 135 B
[recv]: 20:53:42.655473 136 Queued Messages: 0
[recv]: 20:53:42.907935 137 Queued Messages: 0
[recv]: 20:53:43.159694 138 Queued Messages: 0
[idle]: 20:53:43.412571 139 
[idle]: 20:53:43.664743 140 
[idle]: 20:53:43.916749 141 
[send]: 20:53:44.170003 142 AB
[idle]: 20:53:44.421771 143 
[idle]: 20:53:44.673702 144 
[idle]: 20:53:44.925717 145 
[recv]: 20:53:45.178245 146 Queued Messages: 0
[recv]: 20:53:45.430928 147 Queued Messages: 0
[idle]: 20:53:45.681971 148 
[send]: 20:53:45.935255 149 A
[send]: 20:53:46.187616 150 B
[recv]: 20:53:46.439950 151 Queued Messages: 0
[send]: 20:53:46.693748 152 B
[idle]: 20:53:46.946802 153 
[recv]: 20:53:47.201465 154 Queued Messages: 0
[send]: 20:53:47.453216 155 AB
[idle]: 20:53:47.704344 156 
[recv]: 20:53:47.956089 157 Queued Messages: 0
[idle]: 20:53:48.207590 158 
[recv]: 20:53:48.458503 159 Queued Messages: 0
[send]: 20:53:48.710131 160 B
[recv]: 20:53:48.963263 161 Queued Messages: 0
[send]: 20:53:49.215837 162 B
[idle]: 20:53:49.467098 163 
[idle]: 20:53:49.718875 164 
[send]: 20:53:49.971386 165 B
[recv]: 20:53:50.223193 166 Queued Messages: 0
[send]: 20:53:50.474179 167 AB
[send]: 20:53:50.725405 168 AB
[idle]: 20:53:50.977312 169 
[send]: 20:53:51.229396 170 B
[send]: 20:53:51.480890 171 B
[idle]: 20:53:51.732725 172 
[idle]: 20:53:51.983397 173 
[send]: 20:53:52.235556 174 A
[send]: 20:53:52.487074 175 B
[recv]: 20:53:52.740370 176 Queued Messages: 0
[recv]: 20:53:52.991601 177 Queued Messages: 0
[send]: 20:53:53.242561 178 A
[idle]: 20:53:53.494932 179 
[recv]: 20:53:53.746228 180 Queued Messages: 0
[send]: 20:53:54.000106 181 B
[send]: 20:53:54.251590 182 A
[idle]: 20:53:54.509634 183 
[recv]: 20:53:54.761733 184 Queued Messages: 0
[recv]: 20:53:55.013334 185 Queued Messages: 0
[send]: 20:53:55.264568 186 B
[recv]: 20:53:55.515678 187 Queued Messages: 0
[recv]: 20:53:55.766839 188 Queued Messages: 0
[send]: 20:53:56.018775 189 AB
[send]: 20:53:56.272263 190 A
[send]: 20:53:56.525085 191 B
[recv]: 20:53:56.776767 192 Queued Messages: 0
[recv]: 20:53:57.028521 193 Queued Messages: 0
[recv]: 20:53:57.280312 194 Queued Messages: 0
[recv]: 20:53:57.532233 195 Queued Messages: 0
[send]: 20:53:57.784165 196 B
[send]: 20:53:58.036414 197 B
[idle]: 20:53:58.296310 198 
[send]: 20:53:58.549344 199 A
[idle]: 20:53:58.800541 200 
[idle]: 20:53:59.053280 201 
[idle]: 20:53:59.304760 202 
[idle]: 20:53:59.556259 203 
[send]: 20:53:59.808116 204 B
[idle]: 20:54:00.060980 205 
[send]: 20:54:00.313097 206 AB
[idle]: 20:54:00.564211 207 
[recv]: 20:54:00.815745 208 Queued Messages: 0
[recv]: 20:54:01.066877 209 Queued Messages: 0
[send]: 20:54:01.318007 210 B
[idle]: 20:54:01.570858 211 
[recv]: 20:54:01.822623 212 Queued Messages: 0
[idle]: 20:54:02.074772 213 
[send]: 20:54:02.326619 214 A
[send]: 20:54:02.579200 215 B
[idle]: 20:54:02.832004 216 
[idle]: 20:54:03.084319 217 
[idle]: 20:54:03.336336 218 
[send]: 20:54:03.590046 219 A
[send]: 20:54:03.842252 220 A
[idle]: 20:54:04.094562 221 
[recv]: 20:54:04.346734 222 Queued Messages: 0
[send]: 20:54:04.600882 223 AB
[send]: 20:54:04.853475 224 A
[idle]: 20:54:05.105228 225 
[send]: 20:54:05.358912 226 AB
[idle]: 20:54:05.610368 227 
[idle]: 20:54:05.861720 228 
[idle]: 20:54:06.114531 229 
[send]: 20:54:06.366797 230 B
[recv]: 20:54:06.618421 231 Queued Messages: 0
[send]: 20:54:06.872164 232 AB
[send]: 20:54:07.123488 233 A
[send]: 20:54:07.376330 234 A
