[idle]: 20:53:08.350624 0 
[send]: 20:53:08.603200 1 AB
[send]: 20:53:08.856132 2 AB
[idle]: 20:53:09.107686 3 
[send]: 20:53:09.358611 4 B
[recv]: 20:53:09.611395 5 Queued Messages: 0
[send]: 20:53:09.862241 6 A
[send]: 20:53:10.115217 7 A
[idle]: 20:53:10.368191 8 
[recv]: 20:53:10.619478 9 Queued Messages: 0
[recv]: 20:53:10.871678 10 Queued Messages: 0
[idle]: 20:53:11.123696 11 
[recv]: 20:53:11.374495 12 Queued Messages: 0
[idle]: 20:53:11.625938 13 
[idle]: 20:53:11.877287 14 
[send]: 20:53:12.129527 15 AB
[idle]: 20:53:12.380780 16 
[send]: 20:53:12.633537 17 AB
[send]: 20:53:12.885211 18 A
[idle]: 20:53:13.136210 19 
[recv]: 20:53:13.388763 20 Queued Messages: 0
[idle]: 20:53:13.640431 21 
[recv]: 20:53:13.893355 22 Queued Messages: 0
[idle]: 20:53:14.144448 23 
[recv]: 20:53:14.396017 24 Queued Messages: 0
[send]: 20:53:14.653044 25 AB
[idle]: 20:53:14.927293 26 
[send]: 20:53:15.184690 27 A
[recv]: 20:53:15.452220 28 Queued Messages: 0
[send]: 20:53:15.704180 29 AB
[send]: 20:53:15.954775 30 B
[recv]: 20:53:16.205898 31 Queued Messages: 0
[recv]: 20:53:16.456782 32 Queued Messages: 0
[idle]: 20:53:16.707680 33 
[send]: 20:53:16.961097 34 B
[send]: 20:53:17.212991 35 AB
[send]: 20:53:17.465988 36 AB
[send]: 20:53:17.718138 37 A
[send]: 20:53:17.968873 38 A
[send]: 20:53:18.221081 39 A
[idle]: 20:53:18.472393 40 
[idle]: 20:53:18.724062 41 
[idle]: 20:53:18.975158 42 
[send]: 20:53:19.226109 43 AB
[send]: 20:53:19.477590 44 B
[send]: 20:53:19.727983 45 A
[send]: 20:53:19.980124 46 B
[recv]: 20:53:20.231407 47 Queued Messages: 0
[idle]: 20:53:20.482442 48 
[send]: 20:53:20.734400 49 AB
[idle]: 20:53:20.986483 50 
[send]: 20:53:21.238727 51 AB
[send]: 20:53:21.489994 52 A
[idle]: 20:53:21.742407 53 
[recv]: 20:53:21.994419 54 Queued Messages: 0
[idle]: 20:53:22.246266 55 
[idle]: 20:53:22.498016 56 
[idle]: 20:53:22.749884 57 
[idle]: 20:53:23.002771 58 
[recv]: 20:53:23.255004 59 Queued Messages: 0
[recv]: 20:53:23.506918 60 Queued Messages: 0
[recv]: 20:53:23.758639 61 Queued Messages: 0
[send]: 20:53:24.011895 62 AB
[idle]: 20:53:24.264390 63 
[recv]: 20:53:24.515665 64 Queued Messages: 0
[send]: 20:53:24.767314 65 A
[recv]: 20:53:25.020529 66 Queued Messages: 0
[send]: 20:53:25.272907 67 A
[send]: 20:53:25.524284 68 B
[send]: 20:53:25.776559 69 B
[send]: 20:53:26.027157 70 AB
[idle]: 20:53:26.278533 71 
[send]: 20:53:26.530258 72 AB
[send]: 20:53:26.781726 73 A
[send]: 20:53:27.034808 74 B
[recv]: 20:53:27.286741 75 Queued Messages: 0
[idle]: 20:53:27.538107 76 
[idle]: 20:53:27.788927 77 
[recv]: 20:53:28.040565 78 Queued Messages: 0
[idle]: 20:53:28.292283 79 
[recv]: 20:53:28.543164 80 Queued Messages: 0
[recv]: 20:53:28.793993 81 Queued Messages: 0
[send]: 20:53:29.045257 82 AB
[send]: 20:53:29.296934 83 A
[idle]: 20:53:29.548004 84 
[send]: 20:53:29.799356 85 AB
[send]: 20:53:30.051043 86 B
[recv]: 20:53:30.302083 87 Queued Messages: 0
[idle]: 20:53:30.553572 88 
[send]: 20:53:30.804634 89 AB
[send]: 20:53:31.057571 90 A
[idle]: 20:53:31.308838 91 
[send]: 20:53:31.559830 92 AB
[send]: 20:53:31.812538 93 B
[idle]: 20:53:32.065160 94 
[send]: 20:53:32.318743 95 B
[recv]: 20:53:32.569627 96 Queued Messages: 0
[recv]: 20:53:32.822632 97 Queued Messages: 0
[recv]: 20:53:33.073741 98 Queued Messages: 0
[idle]: 20:53:33.325564 99 
[send]: 20:53:33.578120 100 A
[idle]: 20:53:33.828949 101 
[recv]: 20:53:34.081685 102 Queued Messages: 0
[recv]: 20:53:34.333685 103 Queued Messages: 0
[recv]: 20:53:34.585729 104 Queued Messages: 0
[recv]: 20:53:34.837542 105 Queued Messages: 0
[send]: 20:53:35.089117 106 A
[idle]: 20:53:35.340651 107 
[idle]: 20:53:35.592552 108 
[idle]: 20:53:35.843765 109 
[send]: 20:53:36.097560 110 AB
[send]: 20:53:36.350271 111 AB
[idle]: 20:53:36.602292 112 
[send]: 20:53:36.854747 113 B
[send]: 20:53:37.106699 114 AB
[send]: 20:53:37.358418 115 AB
[send]: 20:53:37.611787 116 B
[send]: 20:53:37.864965 117 B
[idle]: 20:53:38.116752 118 
[recv]: 20:53:38.368907 119 Queued Messages: 0
[idle]: 20:53:38.621001 120 
[idle]: 20:53:38.874028 121 
[recv]: 20:53:39.128061 122 Queued Messages: 0
[idle]: 20:53:39.379116 123 
[recv]: 20:53:39.632252 124 Queued Messages: 0
[idle]: 20:53:39.884150 125 
[send]: 20:53:40.135166 126 A
[idle]: 20:53:40.389677 127 
[idle]: 20:53:40.641561 128 
[recv]: 20:53:40.894074 129 Queued Messages: 0
[recv]: 20:53:41.145199 130 Queued Messages: 0
[idle]: 20:53:41.397319 131 
[recv]: 20:53:41.650093 132 Queued Messages: 0
[idle]: 20:53:41.900957 133 
[send]: 20:53:42.153442 134 B
[send]: 20:53:42.404476 135 AB
[send]: 20:53:42.656563 136 A
[send]: 20:53:42.908959 137 A
[idle]: 20:53:43.161374 138 
[send]: 20:53:43.413610 139 B
[idle]: 20:53:43.665769 140 
[idle]: 20:53:43.918562 141 
[recv]: 20:53:44.170003 142 Queued Messages: 0
[idle]: 20:53:44.421771 143 
[idle]: 20:53:44.674725 144 
[send]: 20:53:44.927290 145 AB
[send]: 20:53:45.178245 146 A
[send]: 20:53:45.431627 147 B
[idle]: 20:53:45.683526 148 
[recv]: 20:53:45.935255 149 Queued Messages: 0
[send]: 20:53:46.187616 150 AB
[send]: 20:53:46.439950 151 B
[idle]: 20:53:46.701857 152 
[send]: 20:53:46.953725 153 A
[send]: 20:53:47.205527 154 B
[recv]: 20:53:47.457151 155 Queued Messages: 0
[send]: 20:53:47.707821 156 AB
[send]: 20:53:47.959337 157 B
[send]: 20:53:48.211032 158 AB
[send]: 20:53:48.461800 159 B
[send]: 20:53:48.713724 160 A
[idle]: 20:53:48.967383 161 
[send]: 20:53:49.218908 162 B
[idle]: 20:53:49.471911 163 
[idle]: 20:53:49.723149 164 
[send]: 20:53:49.974983 165 A
[send]: 20:53:50.227004 166 B
[recv]: 20:53:50.477772 167 Queued Messages: 0
[recv]: 20:53:50.729153 168 Queued Messages: 0
[idle]: 20:53:50.980552 169 
[send]: 20:53:51.231700 170 B
[idle]: 20:53:51.483463 171 
[idle]: 20:53:51.734877 172 
[idle]: 20:53:51.987224 173 
[recv]: 20:53:52.238592 174 Queued Messages: 0
[send]: 20:53:52.490019 175 A
[send]: 20:53:52.745001 176 A
[idle]: 20:53:52.999301 177 
[recv]: 20:53:53.252261 178 Queued Messages: 0
[send]: 20:53:53.503531 179 A
[send]: 20:53:53.755222 180 B
[send]: 20:53:54.009838 181 B
[recv]: 20:53:54.261462 182 Queued Messages: 0
[send]: 20:53:54.515203 183 AB
[send]: 20:53:54.767743 184 A
[idle]: 20:53:55.019260 185 
[send]: 20:53:55.270504 186 A
[send]: 20:53:55.522338 187 A
[send]: 20:53:55.772997 188 B
[recv]: 20:53:56.026627 189 Queued Messages: 0
[recv]: 20:53:56.277571 190 Queued Messages: 0
[send]: 20:53:56.529402 191 A
[send]: 20:53:56.781894 192 AB
[send]: 20:53:57.033902 193 AB
[send]: 20:53:57.286458 194 AB
[idle]: 20:53:57.538833 195 
[idle]: 20:53:57.790894 196 
[idle]: 20:53:58.042661 197 
[idle]: 20:53:58.306507 198 
[recv]: 20:53:58.559627 199 Queued Messages: 0
[idle]: 20:53:58.811022 200 
[idle]: 20:53:59.063019 201 
[idle]: 20:53:59.315321 202 
[idle]: 20:53:59.568230 203 
[idle]: 20:53:59.819387 204 
[idle]: 20:54:00.072901 205 
[recv]: 20:54:00.326022 206 Queued Messages: 0
[send]: 20:54:00.577258 207 AB
[send]: 20:54:00.828942 208 A
[idle]: 20:54:01.081693 209 
[idle]: 20:54:01.333233 210 
[send]: 20:54:01.585007 211 AB
[idle]: 20:54:01.837890 212 
[idle]: 20:54:02.089735 213 
[recv]: 20:54:02.342071 214 Queued Messages: 0
[idle]: 20:54:02.594427 215 
[idle]: 20:54:02.846750 216 
[send]: 20:54:03.099617 217 B
[send]: 20:54:03.352069 218 B
[recv]: 20:54:03.606218 219 Queued Messages: 0
[recv]: 20:54:03.857489 220 Queued Messages: 0
[send]: 20:54:04.109796 221 AB
[idle]: 20:54:04.362206 222 
[recv]: 20:54:04.615600 223 Queued Messages: 0
[recv]: 20:54:04.867082 224 Queued Messages: 0
[send]: 20:54:05.119953 225 B
[recv]: 20:54:05.372297 226 Queued Messages: 0
[idle]: 20:54:05.623501 227 
[send]: 20:54:05.876917 228 B
[idle]: 20:54:06.130818 229 
[send]: 20:54:06.382438 230 AB
[send]: 20:54:06.634380 231 B
[recv]: 20:54:06.886854 232 Queued Messages: 0
[recv]: 20:54:07.140115 233 Queued Messages: 0
[recv]: 20:54:07.393228 234 Queued Messages: 0
