[idle]: 20:54:08.497094 0 
[recv]: 20:54:08.698484 1 Queued Messages: 0
[idle]: 20:54:08.900301 2 
[recv]: 20:54:09.101783 3 Queued Messages: 0
[recv]: 20:54:09.302724 4 Queued Messages: 0
[recv]: 20:54:09.503564 5 Queued Messages: 0
[recv]: 20:54:09.706188 6 Queued Messages: 0
[recv]: 20:54:09.907398 7 Queued Messages: 0
[recv]: 20:54:10.108731 8 Queued Messages: 0
[recv]: 20:54:10.309644 9 Queued Messages: 1
[recv]: 20:54:10.511891 10 Queued Messages: 0
[idle]: 20:54:10.713854 11 
[send]: 20:54:10.914969 12 A
[send]: 20:54:11.117790 13 A
[recv]: 20:54:11.318378 14 Queued Messages: 0
[send]: 20:54:11.520834 15 A
[send]: 20:54:11.722781 16 B
[idle]: 20:54:11.925699 17 
[recv]: 20:54:12.127035 18 Queued Messages: 0
[idle]: 20:54:12.331451 19 
[idle]: 20:54:12.534099 20 
[send]: 20:54:12.736828 21 B
[idle]: 20:54:12.939334 22 
[recv]: 20:54:13.141719 23 Queued Messages: 0
[idle]: 20:54:13.344611 24 
[send]: 20:54:13.546102 25 A
[send]: 20:54:13.748156 26 A
[idle]: 20:54:13.949809 27 
[send]: 20:54:14.151156 28 B
[send]: 20:54:14.352717 29 A
[send]: 20:54:14.555140 30 B
[send]: 20:54:14.756617 31 AB
[send]: 20:54:14.958028 32 A
[idle]: 20:54:15.159619 33 
[recv]: 20:54:15.361089 34 Queued Messages: 0
[idle]: 20:54:15.562557 35 
[idle]: 20:54:15.764790 36 
[recv]: 20:54:15.965704 37 Queued Messages: 0
[recv]: 20:54:16.169215 38 Queued Messages: 0
[recv]: 20:54:16.370121 39 Queued Messages: 0
[send]: 20:54:16.573423 40 B
[idle]: 20:54:16.774431 41 
[send]: 20:54:16.976323 42 B
[send]: 20:54:17.179174 43 A
[recv]: 20:54:17.380098 44 Queued Messages: 0
[idle]: 20:54:17.581833 45 
[idle]: 20:54:17.784066 46 
[recv]: 20:54:17.985829 47 Queued Messages: 0
[recv]: 20:54:18.187728 48 Queued Messages: 0
[recv]: 20:54:18.388970 49 Queued Messages: 0
[recv]: 20:54:18.591178 50 Queued Messages: 0
[send]: 20:54:18.792950 51 A
[send]: 20:54:18.994473 52 B
[idle]: 20:54:19.195986 53 
[send]: 20:54:19.397290 54 B
[send]: 20:54:19.598753 55 B
[idle]: 20:54:19.800874 56 
[idle]: 20:54:20.004174 57 
[recv]: 20:54:20.205135 58 Queued Messages: 0
[recv]: 20:54:20.407634 59 Queued Messages: 0
[recv]: 20:54:20.608204 60 Queued Messages: 0
[send]: 20:54:20.809408 61 A
[idle]: 20:54:21.011581 62 
[recv]: 20:54:21.213572 63 Queued Messages: 0
[recv]: 20:54:21.414377 64 Queued Messages: 1
[recv]: 20:54:21.615861 65 Queued Messages: 0
[send]: 20:54:21.817200 66 A
[recv]: 20:54:22.018804 67 Queued Messages: 0
[recv]: 20:54:22.220020 68 Queued Messages: 1
[recv]: 20:54:22.421887 69 Queued Messages: 0
[recv]: 20:54:22.623499 70 Queued Messages: 0
[idle]: 20:54:22.826085 71 
[recv]: 20:54:23.027212 72 Queued Messages: 1
[recv]: 20:54:23.228560 73 Queued Messages: 0
[send]: 20:54:23.430538 74 AB
[idle]: 20:54:23.632146 75 
[idle]: 20:54:23.833820 76 
[recv]: 20:54:24.035511 77 Queued Messages: 0
[send]: 20:54:24.237002 78 A
[send]: 20:54:24.438803 79 A
[recv]: 20:54:24.640753 80 Queued Messages: 0
[send]: 20:54:24.843094 81 B
[send]: 20:54:25.046218 82 B
[idle]: 20:54:25.248030 83 
[recv]: 20:54:25.449452 84 Queued Messages: 0
[recv]: 20:54:25.650701 85 Queued Messages: 0
[idle]: 20:54:25.852649 86 
[send]: 20:54:26.055299 87 AB
[idle]: 20:54:26.256157 88 
[send]: 20:54:26.459396 89 A
[send]: 20:54:26.662450 90 A
[send]: 20:54:26.863426 91 B
[send]: 20:54:27.067216 92 B
[idle]: 20:54:27.268842 93 
[send]: 20:54:27.470251 94 A
[send]: 20:54:27.672661 95 B
[send]: 20:54:27.875680 96 B
[send]: 20:54:28.076931 97 AB
[send]: 20:54:28.278475 98 A
[idle]: 20:54:28.480473 99 
[idle]: 20:54:28.681778 100 
[idle]: 20:54:28.883953 101 
[send]: 20:54:29.087497 102 AB
[send]: 20:54:29.289190 103 B
[idle]: 20:54:29.491705 104 
[send]: 20:54:29.693746 105 AB
[send]: 20:54:29.895385 106 B
[idle]: 20:54:30.098232 107 
[send]: 20:54:30.300535 108 AB
[idle]: 20:54:30.502137 109 
[recv]: 20:54:30.706054 110 Queued Messages: 0
[idle]: 20:54:30.907804 111 
[idle]: 20:54:31.108938 112 
[idle]: 20:54:31.311089 113 
[recv]: 20:54:31.514473 114 Queued Messages: 0
[send]: 20:54:31.715705 115 AB
[send]: 20:54:31.917631 116 A
[idle]: 20:54:32.121152 117 
[recv]: 20:54:32.324048 118 Queued Messages: 0
[idle]: 20:54:32.525199 119 
[idle]: 20:54:32.727354 120 
[send]: 20:54:32.929065 121 A
[recv]: 20:54:33.131324 122 Queued Messages: 0
[send]: 20:54:33.333233 123 B
[send]: 20:54:33.536663 124 B
[recv]: 20:54:33.738279 125 Queued Messages: 0
[send]: 20:54:33.939746 126 B
[send]: 20:54:34.142311 127 AB
[idle]: 20:54:34.345183 128 
[recv]: 20:54:34.547417 129 Queued Messages: 0
[send]: 20:54:34.749477 130 AB
[idle]: 20:54:34.953132 131 
[idle]: 20:54:35.154961 132 
[idle]: 20:54:35.357378 133 
[recv]: 20:54:35.559516 134 Queued Messages: 0
[recv]: 20:54:35.762352 135 Queued Messages: 0
[idle]: 20:54:35.964885 136 
[recv]: 20:54:36.165864 137 Queued Messages: 0
[recv]: 20:54:36.367900 138 Queued Messages: 0
[idle]: 20:54:36.571431 139 
[recv]: 20:54:36.772284 140 Queued Messages: 1
[recv]: 20:54:36.974129 141 Queued Messages: 0
[idle]: 20:54:37.176524 142 
[recv]: 20:54:37.378253 143 Queued Messages: 0
[recv]: 20:54:37.580050 144 Queued Messages: 0
[recv]: 20:54:37.782105 145 Queued Messages: 0
[send]: 20:54:37.983804 146 B
[idle]: 20:54:38.186851 147 
[recv]: 20:54:38.388867 148 Queued Messages: 0
[idle]: 20:54:38.589677 149 
[send]: 20:54:38.791093 150 B
[idle]: 20:54:38.992895 151 
[recv]: 20:54:39.194424 152 Queued Messages: 0
[send]: 20:54:39.395963 153 AB
[send]: 20:54:39.597723 154 B
[idle]: 20:54:39.800573 155 
[send]: 20:54:40.005131 156 B
[send]: 20:54:40.206017 157 AB
[send]: 20:54:40.409246 158 A
[send]: 20:54:40.610580 159 B
[recv]: 20:54:40.812898 160 Queued Messages: 0
[idle]: 20:54:41.014939 161 
[send]: 20:54:41.216756 162 A
[recv]: 20:54:41.418906 163 Queued Messages: 0
[send]: 20:54:41.622702 164 A
[idle]: 20:54:41.823862 165 
[idle]: 20:54:42.024552 166 
[idle]: 20:54:42.226552 167 
[send]: 20:54:42.427886 168 B
[recv]: 20:54:42.628933 169 Queued Messages: 0
[send]: 20:54:42.829800 170 B
[idle]: 20:54:43.031149 171 
[send]: 20:54:43.232556 172 AB
[send]: 20:54:43.434480 173 B
[send]: 20:54:43.636607 174 AB
[idle]: 20:54:43.838260 175 
[send]: 20:54:44.040363 176 AB
[send]: 20:54:44.241365 177 A
[send]: 20:54:44.443091 178 AB
[send]: 20:54:44.645515 179 B
[idle]: 20:54:44.846833 180 
[send]: 20:54:45.048504 181 AB
[recv]: 20:54:45.251598 182 Queued Messages: 0
[send]: 20:54:45.454479 183 AB
[send]: 20:54:45.656836 184 AB
[send]: 20:54:45.858733 185 A
[recv]: 20:54:46.061282 186 Queued Messages: 0
[idle]: 20:54:46.263151 187 
[send]: 20:54:46.465234 188 AB
[send]: 20:54:46.666110 189 B
[idle]: 20:54:46.867211 190 
[idle]: 20:54:47.074062 191 
[send]: 20:54:47.274872 192 B
[idle]: 20:54:47.476344 193 
[send]: 20:54:47.677216 194 AB
[send]: 20:54:47.878580 195 B
[send]: 20:54:48.079573 196 B
[send]: 20:54:48.280570 197 A
[send]: 20:54:48.482071 198 B
[send]: 20:54:48.683819 199 AB
[idle]: 20:54:48.884816 200 
[idle]: 20:54:49.088512 201 
[idle]: 20:54:49.290698 202 
[send]: 20:54:49.492894 203 A
[send]: 20:54:49.696401 204 B
[send]: 20:54:49.900075 205 B
[recv]: 20:54:50.101734 206 Queued Messages: 0
[idle]: 20:54:50.303519 207 
[idle]: 20:54:50.505509 208 
[recv]: 20:54:50.707143 209 Queued Messages: 1
[recv]: 20:54:50.909175 210 Queued Messages: 0
[idle]: 20:54:51.110861 211 
[idle]: 20:54:51.313874 212 
[send]: 20:54:51.515139 213 AB
[idle]: 20:54:51.717180 214 
[idle]: 20:54:51.918134 215 
[recv]: 20:54:52.119626 216 Queued Messages: 0
[send]: 20:54:52.321841 217 B
[idle]: 20:54:52.522902 218 
[recv]: 20:54:52.724954 219 Queued Messages: 1
[recv]: 20:54:52.925889 220 Queued Messages: 0
[send]: 20:54:53.126970 221 AB
[send]: 20:54:53.328687 222 AB
[idle]: 20:54:53.530166 223 
[send]: 20:54:53.731407 224 A
[recv]: 20:54:53.932741 225 Queued Messages: 0
[send]: 20:54:54.135505 226 A
[send]: 20:54:54.337109 227 B
[send]: 20:54:54.539537 228 B
[send]: 20:54:54.741573 229 A
[recv]: 20:54:54.944071 230 Queued Messages: 0
[send]: 20:54:55.144858 231 B
[idle]: 20:54:55.347065 232 
[idle]: 20:54:55.549970 233 
[recv]: 20:54:55.751399 234 Queued Messages: 1
[recv]: 20:54:55.953351 235 Queued Messages: 1
[recv]: 20:54:56.154328 236 Queued Messages: 0
[idle]: 20:54:56.356756 237 
[recv]: 20:54:56.558030 238 Queued Messages: 0
[idle]: 20:54:56.759993 239 
[idle]: 20:54:56.962216 240 
[recv]: 20:54:57.163075 241 Queued Messages: 0
[send]: 20:54:57.365754 242 A
[send]: 20:54:57.579458 243 AB
[send]: 20:54:57.780410 244 A
[send]: 20:54:57.983857 245 B
[send]: 20:54:58.200195 246 B
[idle]: 20:54:58.417510 247 
[send]: 20:54:58.619510 248 AB
[idle]: 20:54:58.820697 249 
[recv]: 20:54:59.021566 250 Queued Messages: 0
[recv]: 20:54:59.222929 251 Queued Messages: 0
[send]: 20:54:59.423955 252 B
[recv]: 20:54:59.626572 253 Queued Messages: 0
[idle]: 20:54:59.827917 254 
[recv]: 20:55:00.029582 255 Queued Messages: 0
[recv]: 20:55:00.231363 256 Queued Messages: 0
[idle]: 20:55:00.432657 257 
[recv]: 20:55:00.633754 258 Queued Messages: 0
[idle]: 20:55:00.836025 259 
[idle]: 20:55:01.037106 260 
[recv]: 20:55:01.239140 261 Queued Messages: 0
[send]: 20:55:01.441046 262 AB
[send]: 20:55:01.645018 263 B
[recv]: 20:55:01.847283 264 Queued Messages: 0
[recv]: 20:55:02.048493 265 Queued Messages: 0
[idle]: 20:55:02.250445 266 
[idle]: 20:55:02.452215 267 
[send]: 20:55:02.653897 268 B
[idle]: 20:55:02.856039 269 
[recv]: 20:55:03.058400 270 Queued Messages: 0
[idle]: 20:55:03.261706 271 
[send]: 20:55:03.463065 272 AB
[send]: 20:55:03.666285 273 A
[send]: 20:55:03.866934 274 AB
[send]: 20:55:04.068977 275 AB
[idle]: 20:55:04.271776 276 
[send]: 20:55:04.473228 277 B
[send]: 20:55:04.675981 278 AB
[send]: 20:55:04.877486 279 AB
[send]: 20:55:05.079627 280 AB
[idle]: 20:55:05.281578 281 
[idle]: 20:55:05.483187 282 
[idle]: 20:55:05.684408 283 
[recv]: 20:55:05.886109 284 Queued Messages: 0
[recv]: 20:55:06.087660 285 Queued Messages: 0
[send]: 20:55:06.289575 286 A
[idle]: 20:55:06.490483 287 
[send]: 20:55:06.692587 288 B
[send]: 20:55:06.893908 289 A
[send]: 20:55:07.096203 290 B
[recv]: 20:55:07.297600 291 Queued Messages: 0
[send]: 20:55:07.500457 292 B
[recv]: 20:55:07.701550 293 Queued Messages: 0
