[idle]: 21:00:10.718188 0 
[send]: 21:00:10.920117 1 AB
[idle]: 21:00:11.122514 2 
[send]: 21:00:11.323743 3 AB
[send]: 21:00:11.525164 4 B
[send]: 21:00:11.726171 5 A
[idle]: 21:00:11.927479 6 
[send]: 21:00:12.128657 7 B
[send]: 21:00:12.329972 8 AB
[idle]: 21:00:12.531159 9 
[idle]: 21:00:12.732881 10 
[send]: 21:00:12.934132 11 AB
[idle]: 21:00:13.135826 12 
[idle]: 21:00:13.337061 13 
[send]: 21:00:13.538428 14 AB
[idle]: 21:00:13.740191 15 
[idle]: 21:00:13.941464 16 
[recv]: 21:00:14.142673 17 Queued Messages: 0
[send]: 21:00:14.344973 18 AB
[idle]: 21:00:14.546167 19 
[send]: 21:00:14.748170 20 AB
[send]: 21:00:14.950591 21 AB
[send]: 21:00:15.153006 22 AB
[idle]: 21:00:15.354759 23 
[send]: 21:00:15.556769 24 A
[idle]: 21:00:15.760557 25 
[send]: 21:00:15.962931 26 AB
[idle]: 21:00:16.165259 27 
[send]: 21:00:16.368406 28 A
[recv]: 21:00:16.569231 29 Queued Messages: 0
[send]: 21:00:16.770502 30 B
[recv]: 21:00:16.972748 31 Queued Messages: 0
[send]: 21:00:17.174709 32 AB
[idle]: 21:00:17.376283 33 
[send]: 21:00:17.577956 34 AB
[idle]: 21:00:17.779470 35 
[send]: 21:00:17.980894 36 B
[send]: 21:00:18.182483 37 AB
[idle]: 21:00:18.383773 38 
[idle]: 21:00:18.585180 39 
[idle]: 21:00:18.786283 40 
[recv]: 21:00:18.987907 41 Queued Messages: 0
[recv]: 21:00:19.188623 42 Queued Messages: 0
[idle]: 21:00:19.389514 43 
[recv]: 21:00:19.591508 44 Queued Messages: 0
[idle]: 21:00:19.792424 45 
[recv]: 21:00:19.994309 46 Queued Messages: 0
[idle]: 21:00:20.196333 47 
[recv]: 21:00:20.400513 48 Queued Messages: 0
[recv]: 21:00:20.601763 49 Queued Messages: 0
[recv]: 21:00:20.804320 50 Queued Messages: 0
[send]: 21:00:21.005230 51 AB
[recv]: 21:00:21.206413 52 Queued Messages: 0
[recv]: 21:00:21.408243 53 Queued Messages: 0
[send]: 21:00:21.610640 54 AB
[idle]: 21:00:21.812159 55 
[idle]: 21:00:22.014146 56 
[recv]: 21:00:22.215401 57 Queued Messages: 0
[recv]: 21:00:22.416381 58 Queued Messages: 0
[send]: 21:00:22.617912 59 B
[idle]: 21:00:22.820451 60 
[recv]: 21:00:23.022146 61 Queued Messages: 0
[idle]: 21:00:23.224159 62 
[send]: 21:00:23.428024 63 AB
[recv]: 21:00:23.629084 64 Queued Messages: 0
[idle]: 21:00:23.831515 65 
[recv]: 21:00:24.032987 66 Queued Messages: 0
[send]: 21:00:24.235490 67 AB
[recv]: 21:00:24.437275 68 Queued Messages: 0
[send]: 21:00:24.638658 69 AB
[send]: 21:00:24.840220 70 AB
[send]: 21:00:25.042208 71 AB
[send]: 21:00:25.243791 72 AB
[idle]: 21:00:25.446205 73 
[recv]: 21:00:25.648178 74 Queued Messages: 0
[send]: 21:00:25.848718 75 AB
[idle]: 21:00:26.050339 76 
[idle]: 21:00:26.251596 77 
[idle]: 21:00:26.453273 78 
[send]: 21:00:26.654915 79 AB
[recv]: 21:00:26.856910 80 Queued Messages: 0
[send]: 21:00:27.057967 81 AB
[send]: 21:00:27.259727 82 B
[idle]: 21:00:27.460785 83 
[recv]: 21:00:27.662260 84 Queued Messages: 0
[recv]: 21:00:27.864218 85 Queued Messages: 0
[recv]: 21:00:28.064747 86 Queued Messages: 0
[idle]: 21:00:28.266017 87 
[send]: 21:00:28.467652 88 AB
[idle]: 21:00:28.669210 89 
[idle]: 21:00:28.871931 90 
[idle]: 21:00:29.074498 91 
[recv]: 21:00:29.276958 92 Queued Messages: 0
[recv]: 21:00:29.480140 93 Queued Messages: 0
[recv]: 21:00:29.680839 94 Queued Messages: 0
[recv]: 21:00:29.884101 95 Queued Messages: 0
[send]: 21:00:30.086382 96 A
[idle]: 21:00:30.286962 97 
[recv]: 21:00:30.488098 98 Queued Messages: 0
[send]: 21:00:30.689800 99 AB
[idle]: 21:00:30.891789 100 
[send]: 21:00:31.094263 101 AB
[idle]: 21:00:31.295688 102 
[recv]: 21:00:31.497090 103 Queued Messages: 1
[recv]: 21:00:31.698804 104 Queued Messages: 1
[recv]: 21:00:31.900949 105 Queued Messages: 0
[send]: 21:00:32.102141 106 AB
[recv]: 21:00:32.304204 107 Queued Messages: 0
[send]: 21:00:32.506837 108 A
[recv]: 21:00:32.709469 109 Queued Messages: 0
[recv]: 21:00:32.911034 110 Queued Messages: 0
[send]: 21:00:33.113880 111 AB
[send]: 21:00:33.315392 112 AB
[send]: 21:00:33.517058 113 A
[idle]: 21:00:33.719143 114 
[idle]: 21:00:33.921318 115 
[send]: 21:00:34.122660 116 A
[idle]: 21:00:34.324921 117 
[idle]: 21:00:34.526406 118 
[send]: 21:00:34.729093 119 A
[idle]: 21:00:34.930676 120 
[recv]: 21:00:35.132657 121 Queued Messages: 0
[idle]: 21:00:35.334022 122 
[send]: 21:00:35.536167 123 AB
[idle]: 21:00:35.738536 124 
[idle]: 21:00:35.940249 125 
[send]: 21:00:36.142136 126 A
[send]: 21:00:36.345509 127 AB
[send]: 21:00:36.547819 128 B
[send]: 21:00:36.749190 129 AB
[idle]: 21:00:36.951369 130 
[recv]: 21:00:37.153195 131 Queued Messages: 0
[send]: 21:00:37.355192 132 AB
[idle]: 21:00:37.557349 133 
[send]: 21:00:37.760693 134 AB
[recv]: 21:00:37.963929 135 Queued Messages: 0
[recv]: 21:00:38.165503 136 Queued Messages: 0
[idle]: 21:00:38.367841 137 
[idle]: 21:00:38.570576 138 
[send]: 21:00:38.773432 139 AB
[recv]: 21:00:38.978115 140 Queued Messages: 0
[idle]: 21:00:39.179463 141 
[recv]: 21:00:39.381874 142 Queued Messages: 0
[send]: 21:00:39.584170 143 AB
[send]: 21:00:39.786809 144 AB
[send]: 21:00:39.989121 145 AB
[idle]: 21:00:40.191307 146 
[idle]: 21:00:40.392842 147 
[idle]: 21:00:40.595435 148 
[recv]: 21:00:40.797947 149 Queued Messages: 0
[recv]: 21:00:40.998944 150 Queued Messages: 0
[recv]: 21:00:41.202026 151 Queued Messages: 0
[send]: 21:00:41.403818 152 AB
[send]: 21:00:41.606673 153 B
[send]: 21:00:41.809235 154 AB
[idle]: 21:00:42.011437 155 
[send]: 21:00:42.215578 156 A
[idle]: 21:00:42.417021 157 
[send]: 21:00:42.618760 158 AB
[recv]: 21:00:42.821183 159 Queued Messages: 0
[idle]: 21:00:43.022502 160 
[send]: 21:00:43.224091 161 AB
[idle]: 21:00:43.425907 162 
[send]: 21:00:43.626691 163 AB
[idle]: 21:00:43.828811 164 
[recv]: 21:00:44.030201 165 Queued Messages: 0
[send]: 21:00:44.231397 166 A
[idle]: 21:00:44.432795 167 
[send]: 21:00:44.635089 168 AB
[recv]: 21:00:44.837128 169 Queued Messages: 0
[send]: 21:00:45.039912 170 B
[send]: 21:00:45.242951 171 AB
[idle]: 21:00:45.447162 172 
[send]: 21:00:45.650989 173 B
[recv]: 21:00:45.852328 174 Queued Messages: 0
[send]: 21:00:46.054456 175 B
[send]: 21:00:46.255675 176 B
[recv]: 21:00:46.457119 177 Queued Messages: 0
[send]: 21:00:46.658180 178 AB
[idle]: 21:00:46.860154 179 
[idle]: 21:00:47.061620 180 
[recv]: 21:00:47.263659 181 Queued Messages: 0
[recv]: 21:00:47.465031 182 Queued Messages: 0
[send]: 21:00:47.666514 183 AB
[idle]: 21:00:47.869630 184 
[idle]: 21:00:48.071081 185 
[recv]: 21:00:48.272263 186 Queued Messages: 0
[idle]: 21:00:48.473661 187 
[recv]: 21:00:48.675493 188 Queued Messages: 0
[idle]: 21:00:48.876996 189 
[recv]: 21:00:49.079211 190 Queued Messages: 0
[recv]: 21:00:49.281942 191 Queued Messages: 0
[send]: 21:00:49.482849 192 AB
[send]: 21:00:49.684613 193 AB
[send]: 21:00:49.886188 194 B
[send]: 21:00:50.087643 195 AB
[idle]: 21:00:50.289510 196 
[idle]: 21:00:50.491022 197 
[recv]: 21:00:50.692874 198 Queued Messages: 0
[idle]: 21:00:50.894778 199 
[send]: 21:00:51.098368 200 A
[send]: 21:00:51.300454 201 AB
[idle]: 21:00:51.503213 202 
[idle]: 21:00:51.705487 203 
[recv]: 21:00:51.907750 204 Queued Messages: 0
[idle]: 21:00:52.112892 205 
[recv]: 21:00:52.314096 206 Queued Messages: 0
[send]: 21:00:52.517291 207 B
[recv]: 21:00:52.719603 208 Queued Messages: 0
[send]: 21:00:52.919952 209 A
[idle]: 21:00:53.120888 210 
[recv]: 21:00:53.322276 211 Queued Messages: 0
[send]: 21:00:53.522944 212 A
[send]: 21:00:53.724761 213 AB
[send]: 21:00:53.925700 214 B
[idle]: 21:00:54.128163 215 
[recv]: 21:00:54.329951 216 Queued Messages: 0
[recv]: 21:00:54.530293 217 Queued Messages: 0
[recv]: 21:00:54.731820 218 Queued Messages: 0
[recv]: 21:00:54.932808 219 Queued Messages: 0
[idle]: 21:00:55.135529 220 
[send]: 21:00:55.336270 221 AB
[recv]: 21:00:55.538074 222 Queued Messages: 0
[send]: 21:00:55.739182 223 AB
[recv]: 21:00:55.941468 224 Queued Messages: 0
[send]: 21:00:56.145391 225 AB
[idle]: 21:00:56.346014 226 
[send]: 21:00:56.548441 227 AB
[send]: 21:00:56.750199 228 AB
[send]: 21:00:56.951677 229 B
[idle]: 21:00:57.153038 230 
[recv]: 21:00:57.354507 231 Queued Messages: 0
[idle]: 21:00:57.556084 232 
[recv]: 21:00:57.757536 233 Queued Messages: 0
[idle]: 21:00:57.959462 234 
[send]: 21:00:58.161043 235 AB
[idle]: 21:00:58.363719 236 
[send]: 21:00:58.565271 237 B
[idle]: 21:00:58.766653 238 
[idle]: 21:00:58.968427 239 
[send]: 21:00:59.170146 240 B
[send]: 21:00:59.372987 241 AB
[recv]: 21:00:59.574970 242 Queued Messages: 0
[idle]: 21:00:59.777061 243 
[send]: 21:00:59.978646 244 B
[send]: 21:01:00.181286 245 AB
[idle]: 21:01:00.383411 246 
[idle]: 21:01:00.585534 247 
[send]: 21:01:00.787315 248 B
[idle]: 21:01:00.990011 249 
[send]: 21:01:01.196255 250 AB
[recv]: 21:01:01.397468 251 Queued Messages: 0
[idle]: 21:01:01.599612 252 
[recv]: 21:01:01.801449 253 Queued Messages: 0
[idle]: 21:01:02.004405 254 
[send]: 21:01:02.205208 255 AB
[recv]: 21:01:02.407201 256 Queued Messages: 0
[send]: 21:01:02.608556 257 AB
[recv]: 21:01:02.811701 258 Queued Messages: 0
[send]: 21:01:03.013482 259 B
[recv]: 21:01:03.215074 260 Queued Messages: 0
[send]: 21:01:03.416471 261 AB
[idle]: 21:01:03.618273 262 
[idle]: 21:01:03.819458 263 
[idle]: 21:01:04.021053 264 
[idle]: 21:01:04.222594 265 
[recv]: 21:01:04.423496 266 Queued Messages: 0
[recv]: 21:01:04.626331 267 Queued Messages: 0
[idle]: 21:01:04.828941 268 
[recv]: 21:01:05.029702 269 Queued Messages: 0
[recv]: 21:01:05.232623 270 Queued Messages: 0
[idle]: 21:01:05.434238 271 
[recv]: 21:01:05.634759 272 Queued Messages: 0
[idle]: 21:01:05.835635 273 
[recv]: 21:01:06.036908 274 Queued Messages: 0
[idle]: 21:01:06.239138 275 
[send]: 21:01:06.439763 276 AB
[send]: 21:01:06.642788 277 AB
[idle]: 21:01:06.843976 278 
[idle]: 21:01:07.046109 279 
[recv]: 21:01:07.247847 280 Queued Messages: 0
[send]: 21:01:07.449299 281 AB
[idle]: 21:01:07.650977 282 
[recv]: 21:01:07.859001 283 Queued Messages: 0
[idle]: 21:01:08.065183 284 
[idle]: 21:01:08.266445 285 
[send]: 21:01:08.467986 286 AB
[send]: 21:01:08.669903 287 AB
[send]: 21:01:08.871654 288 AB
[idle]: 21:01:09.074602 289 
[idle]: 21:01:09.275836 290 
[recv]: 21:01:09.477723 291 Queued Messages: 0
[recv]: 21:01:09.679617 292 Queued Messages: 0
[send]: 21:01:09.880708 293 A
