[recv]: 20:57:09.203376 0 Queued Messages: 0
[send]: 20:57:09.374398 1 B
[idle]: 20:57:09.542368 2 
[idle]: 20:57:09.710912 3 
[idle]: 20:57:09.879814 4 
[idle]: 20:57:10.047688 5 
[recv]: 20:57:10.215596 6 Queued Messages: 0
[idle]: 20:57:10.383423 7 
[send]: 20:57:10.551558 8 AB
[send]: 20:57:10.719761 9 AB
[send]: 20:57:10.887680 10 AB
[idle]: 20:57:11.055951 11 
[idle]: 20:57:11.223741 12 
[idle]: 20:57:11.392140 13 
[send]: 20:57:11.559638 14 B
[idle]: 20:57:11.727581 15 
[idle]: 20:57:11.895870 16 
[idle]: 20:57:12.064079 17 
[idle]: 20:57:12.232137 18 
[idle]: 20:57:12.400276 19 
[idle]: 20:57:12.568302 20 
[idle]: 20:57:12.736398 21 
[idle]: 20:57:12.904018 22 
[idle]: 20:57:13.071962 23 
[send]: 20:57:13.240391 24 B
[idle]: 20:57:13.408367 25 
[send]: 20:57:13.577120 26 A
[idle]: 20:57:13.771424 27 
[idle]: 20:57:13.939752 28 
[idle]: 20:57:14.107594 29 
[idle]: 20:57:14.275476 30 
[idle]: 20:57:14.443639 31 
[idle]: 20:57:14.611781 32 
[idle]: 20:57:14.780714 33 
[send]: 20:57:14.948656 34 AB
[send]: 20:57:15.117082 35 B
[idle]: 20:57:15.285890 36 
[send]: 20:57:15.454025 37 B
[send]: 20:57:15.622612 38 AB
[send]: 20:57:15.790882 39 A
[send]: 20:57:15.958910 40 A
[send]: 20:57:16.126537 41 AB
[idle]: 20:57:16.294481 42 
[send]: 20:57:16.463661 43 A
[send]: 20:57:16.630935 44 A
[idle]: 20:57:16.798804 45 
[idle]: 20:57:16.966920 46 
[send]: 20:57:17.134301 47 A
[idle]: 20:57:17.303077 48 
[send]: 20:57:17.471114 49 AB
[send]: 20:57:17.638884 50 AB
[send]: 20:57:17.807517 51 A
[send]: 20:57:17.975416 52 B
[send]: 20:57:18.143241 53 AB
[send]: 20:57:18.311356 54 B
[send]: 20:57:18.480290 55 A
[send]: 20:57:18.647880 56 AB
[send]: 20:57:18.818442 57 AB
[send]: 20:57:18.986864 58 A
[idle]: 20:57:19.156164 59 
[send]: 20:57:19.324308 60 B
[idle]: 20:57:19.492266 61 
[idle]: 20:57:19.660875 62 
[idle]: 20:57:19.829397 63 
[idle]: 20:57:19.997643 64 
[idle]: 20:57:20.166148 65 
[idle]: 20:57:20.334656 66 
[idle]: 20:57:20.502693 67 
[idle]: 20:57:20.670266 68 
[send]: 20:57:20.839085 69 B
[idle]: 20:57:21.007021 70 
[send]: 20:57:21.176232 71 B
[idle]: 20:57:21.343454 72 
[send]: 20:57:21.511753 73 B
[send]: 20:57:21.679785 74 AB
[send]: 20:57:21.847515 75 B
[idle]: 20:57:22.015734 76 
[send]: 20:57:22.183409 77 A
[send]: 20:57:22.351632 78 AB
[send]: 20:57:22.519718 79 B
[idle]: 20:57:22.687884 80 
[send]: 20:57:22.856338 81 B
[send]: 20:57:23.025397 82 A
[idle]: 20:57:23.193715 83 
[send]: 20:57:23.361893 84 B
[send]: 20:57:23.532322 85 AB
[send]: 20:57:23.701421 86 AB
[send]: 20:57:23.869066 87 B
[send]: 20:57:24.038298 88 A
[idle]: 20:57:24.206854 89 
[idle]: 20:57:24.375136 90 
[idle]: 20:57:24.544615 91 
[send]: 20:57:24.712712 92 AB
[send]: 20:57:24.883360 93 AB
[send]: 20:57:25.051643 94 A
[send]: 20:57:25.221322 95 B
[idle]: 20:57:25.389229 96 
[send]: 20:57:25.558489 97 AB
[send]: 20:57:25.728485 98 B
[idle]: 20:57:25.896904 99 
[idle]: 20:57:26.064752 100 
[send]: 20:57:26.233717 101 B
[idle]: 20:57:26.401384 102 
[send]: 20:57:26.569641 103 AB
[send]: 20:57:26.737219 104 AB
[send]: 20:57:26.905552 105 B
[send]: 20:57:27.074024 106 AB
[send]: 20:57:27.242534 107 B
[send]: 20:57:27.410626 108 AB
[idle]: 20:57:27.578772 109 
[send]: 20:57:27.747588 110 AB
[send]: 20:57:27.924248 111 B
[send]: 20:57:28.097467 112 B
[idle]: 20:57:28.268735 113 
[idle]: 20:57:28.440517 114 
[send]: 20:57:28.611050 115 AB
[idle]: 20:57:28.778305 116 
[idle]: 20:57:28.947491 117 
[send]: 20:57:29.115116 118 A
[idle]: 20:57:29.282830 119 
[idle]: 20:57:29.450939 120 
[send]: 20:57:29.619009 121 A
[send]: 20:57:29.787355 122 B
[idle]: 20:57:29.955652 123 
[send]: 20:57:30.124171 124 B
[send]: 20:57:30.292916 125 AB
[idle]: 20:57:30.461479 126 
[idle]: 20:57:30.629243 127 
[send]: 20:57:30.797594 128 B
[idle]: 20:57:30.965485 129 
[idle]: 20:57:31.147143 130 
[send]: 20:57:31.335754 131 A
[send]: 20:57:31.521903 132 A
[idle]: 20:57:31.701613 133 
[idle]: 20:57:31.874160 134 
[send]: 20:57:32.041783 135 AB
[send]: 20:57:32.209930 136 AB
[idle]: 20:57:32.379338 137 
[idle]: 20:57:32.548964 138 
[idle]: 20:57:32.718125 139 
[idle]: 20:57:32.887365 140 
[send]: 20:57:33.058736 141 A
[idle]: 20:57:33.228791 142 
[idle]: 20:57:33.398189 143 
[send]: 20:57:33.567946 144 A
[send]: 20:57:33.736079 145 B
[idle]: 20:57:33.903648 146 
[send]: 20:57:34.074039 147 A
[send]: 20:57:34.243926 148 A
[send]: 20:57:34.412621 149 A
[send]: 20:57:34.579944 150 B
[idle]: 20:57:34.748086 151 
[send]: 20:57:34.916420 152 AB
[send]: 20:57:35.084863 153 AB
[idle]: 20:57:35.253543 154 
[send]: 20:57:35.422291 155 B
[send]: 20:57:35.590277 156 B
[send]: 20:57:35.758075 157 B
[send]: 20:57:35.927341 158 B
[idle]: 20:57:36.108982 159 
[send]: 20:57:36.284137 160 B
[send]: 20:57:36.468422 161 AB
[send]: 20:57:36.638444 162 A
[send]: 20:57:36.814803 163 AB
[send]: 20:57:36.983991 164 AB
[idle]: 20:57:37.151244 165 
[send]: 20:57:37.319254 166 B
[send]: 20:57:37.496826 167 AB
[idle]: 20:57:37.664125 168 
[send]: 20:57:37.831697 169 B
[idle]: 20:57:37.999462 170 
[send]: 20:57:38.167101 171 AB
[send]: 20:57:38.334804 172 AB
[idle]: 20:57:38.502595 173 
[idle]: 20:57:38.670272 174 
[idle]: 20:57:38.838420 175 
[idle]: 20:57:39.006385 176 
[send]: 20:57:39.174543 177 AB
[idle]: 20:57:39.343057 178 
[send]: 20:57:39.511049 179 B
[idle]: 20:57:39.679242 180 
[send]: 20:57:39.847281 181 B
[send]: 20:57:40.015281 182 B
[send]: 20:57:40.183692 183 A
[idle]: 20:57:40.352132 184 
[idle]: 20:57:40.520343 185 
[send]: 20:57:40.688971 186 A
[send]: 20:57:40.856880 187 A
[send]: 20:57:41.025095 188 AB
[idle]: 20:57:41.193285 189 
[send]: 20:57:41.361806 190 A
[idle]: 20:57:41.530027 191 
[send]: 20:57:41.698583 192 AB
[idle]: 20:57:41.867317 193 
[send]: 20:57:42.035828 194 A
[send]: 20:57:42.205753 195 A
[send]: 20:57:42.374819 196 B
[send]: 20:57:42.544745 197 B
[idle]: 20:57:42.713173 198 
[send]: 20:57:42.881631 199 B
[send]: 20:57:43.050403 200 A
[send]: 20:57:43.218248 201 AB
[idle]: 20:57:43.386223 202 
[idle]: 20:57:43.554347 203 
[idle]: 20:57:43.722188 204 
[send]: 20:57:43.889995 205 AB
[idle]: 20:57:44.058398 206 
[idle]: 20:57:44.226199 207 
[send]: 20:57:44.393997 208 AB
[send]: 20:57:44.561984 209 B
[idle]: 20:57:44.730286 210 
[idle]: 20:57:44.898659 211 
[idle]: 20:57:45.066974 212 
[send]: 20:57:45.236083 213 B
[idle]: 20:57:45.405339 214 
[idle]: 20:57:45.574189 215 
[idle]: 20:57:45.743232 216 
[send]: 20:57:45.911313 217 B
[idle]: 20:57:46.079304 218 
[send]: 20:57:46.247248 219 A
[send]: 20:57:46.415419 220 A
[send]: 20:57:46.583470 221 A
[send]: 20:57:46.750843 222 B
[idle]: 20:57:46.918253 223 
[idle]: 20:57:47.085906 224 
[idle]: 20:57:47.253615 225 
[idle]: 20:57:47.421592 226 
[send]: 20:57:47.589341 227 B
[idle]: 20:57:47.757368 228 
[send]: 20:57:47.925030 229 AB
[idle]: 20:57:48.092975 230 
[send]: 20:57:48.261617 231 B
[idle]: 20:57:48.429588 232 
[send]: 20:57:48.597674 233 B
[idle]: 20:57:48.766067 234 
[send]: 20:57:48.934667 235 B
[idle]: 20:57:49.103905 236 
[idle]: 20:57:49.271797 237 
[idle]: 20:57:49.439884 238 
[idle]: 20:57:49.608852 239 
[send]: 20:57:49.777639 240 B
[idle]: 20:57:49.946112 241 
[idle]: 20:57:50.114871 242 
[send]: 20:57:50.282659 243 AB
[idle]: 20:57:50.450771 244 
[idle]: 20:57:50.619063 245 
[send]: 20:57:50.788513 246 B
[send]: 20:57:50.956646 247 B
[idle]: 20:57:51.125910 248 
[send]: 20:57:51.294894 249 A
[send]: 20:57:51.462659 250 AB
[idle]: 20:57:51.631062 251 
[idle]: 20:57:51.798342 252 
[send]: 20:57:51.966365 253 A
[send]: 20:57:52.135092 254 A
[idle]: 20:57:52.303291 255 
[send]: 20:57:52.471341 256 A
[idle]: 20:57:52.638930 257 
[idle]: 20:57:52.806708 258 
[idle]: 20:57:52.975218 259 
[idle]: 20:57:53.143129 260 
[send]: 20:57:53.310709 261 A
[idle]: 20:57:53.478426 262 
[idle]: 20:57:53.646535 263 
[idle]: 20:57:53.814555 264 
[send]: 20:57:53.983317 265 A
[idle]: 20:57:54.152714 266 
[send]: 20:57:54.321558 267 A
[send]: 20:57:54.489610 268 AB
[send]: 20:57:54.657660 269 AB
[idle]: 20:57:54.825275 270 
[send]: 20:57:54.992969 271 A
[send]: 20:57:55.160671 272 B
[idle]: 20:57:55.329294 273 
[idle]: 20:57:55.497068 274 
[idle]: 20:57:55.664859 275 
[idle]: 20:57:55.832557 276 
[send]: 20:57:56.000418 277 B
[send]: 20:57:56.168072 278 A
[idle]: 20:57:56.336698 279 
[send]: 20:57:56.505381 280 A
[send]: 20:57:56.674785 281 AB
[send]: 20:57:56.844436 282 B
[idle]: 20:57:57.012344 283 
[idle]: 20:57:57.180800 284 
[send]: 20:57:57.350376 285 B
[idle]: 20:57:57.518299 286 
[send]: 20:57:57.686436 287 AB
[idle]: 20:57:57.854313 288 
[send]: 20:57:58.022193 289 A
[send]: 20:57:58.191196 290 A
[idle]: 20:57:58.359248 291 
[idle]: 20:57:58.527821 292 
[idle]: 20:57:58.696887 293 
[idle]: 20:57:58.866172 294 
[idle]: 20:57:59.034412 295 
[send]: 20:57:59.203443 296 B
[send]: 20:57:59.371829 297 AB
[idle]: 20:57:59.540358 298 
[send]: 20:57:59.708544 299 AB
[send]: 20:57:59.876780 300 A
[send]: 20:58:00.045126 301 AB
[idle]: 20:58:00.213506 302 
[idle]: 20:58:00.381592 303 
[send]: 20:58:00.551575 304 AB
[send]: 20:58:00.720585 305 AB
[send]: 20:58:00.888846 306 B
[idle]: 20:58:01.058093 307 
[send]: 20:58:01.226975 308 AB
[idle]: 20:58:01.396490 309 
[idle]: 20:58:01.564953 310 
[idle]: 20:58:01.734798 311 
[idle]: 20:58:01.903292 312 
[idle]: 20:58:02.072978 313 
[idle]: 20:58:02.242354 314 
[send]: 20:58:02.412443 315 AB
[send]: 20:58:02.581176 316 B
[idle]: 20:58:02.750306 317 
[send]: 20:58:02.919231 318 B
[send]: 20:58:03.088145 319 AB
[send]: 20:58:03.255844 320 AB
[send]: 20:58:03.424000 321 A
[send]: 20:58:03.592096 322 AB
[send]: 20:58:03.760909 323 B
[send]: 20:58:03.930256 324 A
[idle]: 20:58:04.099074 325 
[send]: 20:58:04.268742 326 AB
[send]: 20:58:04.436722 327 B
[idle]: 20:58:04.605808 328 
[send]: 20:58:04.774693 329 B
[idle]: 20:58:04.943541 330 
[send]: 20:58:05.112832 331 AB
[send]: 20:58:05.281506 332 B
[send]: 20:58:05.451251 333 A
[send]: 20:58:05.619350 334 A
[idle]: 20:58:05.787170 335 
[idle]: 20:58:05.955823 336 
[idle]: 20:58:06.123298 337 
[idle]: 20:58:06.292624 338 
[idle]: 20:58:06.461421 339 
[send]: 20:58:06.628987 340 A
[send]: 20:58:06.797066 341 B
[send]: 20:58:06.965222 342 A
[send]: 20:58:07.133307 343 AB
[send]: 20:58:07.301305 344 AB
[idle]: 20:58:07.470482 345 
[send]: 20:58:07.638851 346 A
[send]: 20:58:07.806660 347 B
[idle]: 20:58:07.974795 348 
[send]: 20:58:08.142632 349 B
[send]: 20:58:08.310516 350 AB
[send]: 20:58:08.478457 351 AB
[send]: 20:58:08.646074 352 A
[idle]: 20:58:08.814109 353 
[send]: 20:58:08.981582 354 B
[idle]: 20:58:09.149515 355 
[idle]: 20:58:09.317471 356 
[send]: 20:58:09.485200 357 B
[send]: 20:58:09.653143 358 AB
[send]: 20:58:09.820933 359 A
[idle]: 20:58:09.988502 360 
[idle]: 20:58:10.156541 361 
[idle]: 20:58:10.324288 362 
[idle]: 20:58:10.491980 363 
[send]: 20:58:10.660154 364 B
[idle]: 20:58:10.827806 365 
[send]: 20:58:10.995437 366 AB
[idle]: 20:58:11.163029 367 
[idle]: 20:58:11.330994 368 
[send]: 20:58:11.498972 369 B
[send]: 20:58:11.666928 370 AB
[send]: 20:58:11.834646 371 A
[send]: 20:58:12.002205 372 AB
[idle]: 20:58:12.170078 373 
[idle]: 20:58:12.337928 374 
[send]: 20:58:12.506413 375 B
[idle]: 20:58:12.673771 376 
[send]: 20:58:12.841521 377 A
[send]: 20:58:13.010865 378 AB
[idle]: 20:58:13.178235 379 
[idle]: 20:58:13.346441 380 
[idle]: 20:58:13.515071 381 
[idle]: 20:58:13.682617 382 
[idle]: 20:58:13.850579 383 
[send]: 20:58:14.018773 384 A
[send]: 20:58:14.186483 385 AB
[send]: 20:58:14.355667 386 AB
[send]: 20:58:14.524329 387 A
[idle]: 20:58:14.692448 388 
[idle]: 20:58:14.860608 389 
[send]: 20:58:15.028329 390 B
[send]: 20:58:15.195833 391 AB
[send]: 20:58:15.365499 392 A
[idle]: 20:58:15.533622 393 
[send]: 20:58:15.701457 394 B
[send]: 20:58:15.870226 395 B
[send]: 20:58:16.038851 396 A
[idle]: 20:58:16.208064 397 
[idle]: 20:58:16.376617 398 
[idle]: 20:58:16.545397 399 
[send]: 20:58:16.714037 400 B
[idle]: 20:58:16.882889 401 
[send]: 20:58:17.052912 402 AB
[idle]: 20:58:17.220996 403 
[idle]: 20:58:17.390177 404 
[idle]: 20:58:17.557682 405 
[send]: 20:58:17.725264 406 A
[send]: 20:58:17.892678 407 A
[idle]: 20:58:18.061465 408 
[idle]: 20:58:18.229430 409 
[idle]: 20:58:18.397205 410 
[send]: 20:58:18.565057 411 B
[idle]: 20:58:18.732868 412 
[send]: 20:58:18.900450 413 AB
[send]: 20:58:19.068104 414 B
[send]: 20:58:19.236443 415 A
[send]: 20:58:19.404720 416 AB
[idle]: 20:58:19.572479 417 
[send]: 20:58:19.740693 418 AB
[send]: 20:58:19.909406 419 A
[send]: 20:58:20.077949 420 AB
[send]: 20:58:20.246353 421 B
[idle]: 20:58:20.414683 422 
[send]: 20:58:20.582473 423 AB
[send]: 20:58:20.751290 424 A
[send]: 20:58:20.919441 425 A
[send]: 20:58:21.087642 426 B
[idle]: 20:58:21.255962 427 
[send]: 20:58:21.424446 428 B
[send]: 20:58:21.592545 429 AB
[idle]: 20:58:21.761208 430 
[send]: 20:58:21.929049 431 B
[send]: 20:58:22.097733 432 AB
[idle]: 20:58:22.266683 433 
[idle]: 20:58:22.434673 434 
[send]: 20:58:22.602657 435 AB
[send]: 20:58:22.771706 436 AB
[send]: 20:58:22.940763 437 A
[idle]: 20:58:23.111573 438 
[idle]: 20:58:23.279790 439 
[idle]: 20:58:23.448310 440 
[send]: 20:58:23.616282 441 A
[idle]: 20:58:23.784484 442 
[send]: 20:58:23.952513 443 A
[send]: 20:58:24.120704 444 AB
[idle]: 20:58:24.289034 445 
[idle]: 20:58:24.456892 446 
[idle]: 20:58:24.624861 447 
[send]: 20:58:24.793137 448 A
[idle]: 20:58:24.961348 449 
[send]: 20:58:25.129222 450 A
[send]: 20:58:25.297143 451 AB
[idle]: 20:58:25.465531 452 
[idle]: 20:58:25.633753 453 
[idle]: 20:58:25.801729 454 
[send]: 20:58:25.970001 455 B
[send]: 20:58:26.138179 456 B
[idle]: 20:58:26.306880 457 
[send]: 20:58:26.474772 458 AB
[send]: 20:58:26.642867 459 AB
[idle]: 20:58:26.811244 460 
[send]: 20:58:26.979337 461 AB
[send]: 20:58:27.147443 462 A
[send]: 20:58:27.315724 463 B
[idle]: 20:58:27.483916 464 
[idle]: 20:58:27.651796 465 
[idle]: 20:58:27.819751 466 
[send]: 20:58:27.987344 467 A
[send]: 20:58:28.155407 468 AB
[idle]: 20:58:28.322938 469 
[idle]: 20:58:28.490865 470 
[idle]: 20:58:28.658554 471 
[send]: 20:58:28.826208 472 B
[idle]: 20:58:28.993904 473 
[send]: 20:58:29.161515 474 A
[idle]: 20:58:29.329382 475 
[send]: 20:58:29.497204 476 AB
[send]: 20:58:29.665616 477 B
[idle]: 20:58:29.833899 478 
[idle]: 20:58:30.002111 479 
[send]: 20:58:30.170817 480 B
[send]: 20:58:30.338893 481 B
[send]: 20:58:30.507535 482 B
[idle]: 20:58:30.676092 483 
[idle]: 20:58:30.844957 484 
[idle]: 20:58:31.012786 485 
[send]: 20:58:31.181123 486 A
[send]: 20:58:31.348922 487 A
[send]: 20:58:31.517253 488 A
[idle]: 20:58:31.685542 489 
[send]: 20:58:31.853360 490 B
[idle]: 20:58:32.021592 491 
[idle]: 20:58:32.189661 492 
[send]: 20:58:32.357864 493 AB
[send]: 20:58:32.526254 494 B
[idle]: 20:58:32.694958 495 
[idle]: 20:58:32.862976 496 
[send]: 20:58:33.030681 497 B
[send]: 20:58:33.199214 498 B
[idle]: 20:58:33.367697 499 
[idle]: 20:58:33.537080 500 
[idle]: 20:58:33.705738 501 
[send]: 20:58:33.873498 502 B
[idle]: 20:58:34.041647 503 
[send]: 20:58:34.209255 504 A
[idle]: 20:58:34.377369 505 
[idle]: 20:58:34.545424 506 
[send]: 20:58:34.713108 507 B
[idle]: 20:58:34.881086 508 
[send]: 20:58:35.048931 509 AB
[idle]: 20:58:35.217339 510 
[send]: 20:58:35.385574 511 B
[idle]: 20:58:35.555046 512 
[send]: 20:58:35.723211 513 B
[send]: 20:58:35.892682 514 AB
[idle]: 20:58:36.062579 515 
[send]: 20:58:36.230882 516 B
[idle]: 20:58:36.400166 517 
[idle]: 20:58:36.569189 518 
[send]: 20:58:36.737869 519 B
[send]: 20:58:36.905865 520 AB
[send]: 20:58:37.074890 521 B
[idle]: 20:58:37.244063 522 
[send]: 20:58:37.412188 523 A
[idle]: 20:58:37.579897 524 
[idle]: 20:58:37.748037 525 
[idle]: 20:58:37.916150 526 
[idle]: 20:58:38.083806 527 
[idle]: 20:58:38.251251 528 
[idle]: 20:58:38.418805 529 
[idle]: 20:58:38.586512 530 
[idle]: 20:58:38.754195 531 
[send]: 20:58:38.921978 532 A
[send]: 20:58:39.089902 533 A
[send]: 20:58:39.258188 534 A
[send]: 20:58:39.426172 535 A
[idle]: 20:58:39.594561 536 
[idle]: 20:58:39.762699 537 
[idle]: 20:58:39.931495 538 
[idle]: 20:58:40.099253 539 
[send]: 20:58:40.267188 540 A
[idle]: 20:58:40.434697 541 
[send]: 20:58:40.602345 542 B
[idle]: 20:58:40.770363 543 
[idle]: 20:58:40.937782 544 
[send]: 20:58:41.105750 545 B
[send]: 20:58:41.273337 546 B
[send]: 20:58:41.440933 547 B
[send]: 20:58:41.608577 548 AB
[idle]: 20:58:41.777428 549 
[idle]: 20:58:41.945575 550 
[idle]: 20:58:42.114754 551 
[send]: 20:58:42.283752 552 A
[send]: 20:58:42.453473 553 A
[send]: 20:58:42.623301 554 A
[send]: 20:58:42.791818 555 A
[send]: 20:58:42.961287 556 B
[idle]: 20:58:43.129081 557 
[idle]: 20:58:43.297002 558 
[idle]: 20:58:43.465065 559 
[idle]: 20:58:43.633015 560 
[send]: 20:58:43.801840 561 A
[send]: 20:58:43.970761 562 A
[idle]: 20:58:44.139242 563 
[send]: 20:58:44.308490 564 B
[send]: 20:58:44.475770 565 B
[send]: 20:58:44.643757 566 A
[idle]: 20:58:44.812092 567 
[send]: 20:58:44.980258 568 AB
[send]: 20:58:45.148653 569 AB
[send]: 20:58:45.317432 570 B
[send]: 20:58:45.486218 571 A
[idle]: 20:58:45.654408 572 
[idle]: 20:58:45.822908 573 
[idle]: 20:58:45.990720 574 
[send]: 20:58:46.158791 575 B
[send]: 20:58:46.328286 576 A
[idle]: 20:58:46.496780 577 
[send]: 20:58:46.665459 578 A
[send]: 20:58:46.834443 579 AB
[send]: 20:58:47.003200 580 A
[idle]: 20:58:47.172507 581 
[send]: 20:58:47.341124 582 A
[send]: 20:58:47.511039 583 AB
[idle]: 20:58:47.678995 584 
[send]: 20:58:47.847913 585 AB
[idle]: 20:58:48.017397 586 
[send]: 20:58:48.186525 587 AB
[idle]: 20:58:48.355041 588 
[send]: 20:58:48.523888 589 AB
[send]: 20:58:48.693016 590 B
[send]: 20:58:48.860262 591 AB
[send]: 20:58:49.029569 592 A
[idle]: 20:58:49.198408 593 
[idle]: 20:58:49.366944 594 
[send]: 20:58:49.535888 595 B
[send]: 20:58:49.705475 596 AB
[idle]: 20:58:49.873249 597 
[idle]: 20:58:50.041463 598 
[send]: 20:58:50.209227 599 B
[idle]: 20:58:50.377188 600 
[send]: 20:58:50.545312 601 AB
[idle]: 20:58:50.714840 602 
[send]: 20:58:50.882721 603 B
[send]: 20:58:51.051053 604 AB
[send]: 20:58:51.218840 605 AB
[send]: 20:58:51.386760 606 A
[idle]: 20:58:51.554624 607 
[idle]: 20:58:51.722221 608 
[send]: 20:58:51.891990 609 AB
[idle]: 20:58:52.060515 610 
[send]: 20:58:52.230819 611 B
[idle]: 20:58:52.399222 612 
[idle]: 20:58:52.566444 613 
[send]: 20:58:52.735230 614 A
[idle]: 20:58:52.903640 615 
[idle]: 20:58:53.071310 616 
[idle]: 20:58:53.240736 617 
[send]: 20:58:53.409303 618 A
[send]: 20:58:53.577993 619 AB
[send]: 20:58:53.746321 620 A
[send]: 20:58:53.914501 621 A
[send]: 20:58:54.082576 622 B
[idle]: 20:58:54.251448 623 
[idle]: 20:58:54.420123 624 
[send]: 20:58:54.588214 625 B
[idle]: 20:58:54.756471 626 
[send]: 20:58:54.924954 627 A
[idle]: 20:58:55.093320 628 
[send]: 20:58:55.262963 629 AB
[send]: 20:58:55.430845 630 A
[send]: 20:58:55.599747 631 B
[send]: 20:58:55.767699 632 AB
[send]: 20:58:55.936948 633 AB
[idle]: 20:58:56.105502 634 
[send]: 20:58:56.274024 635 A
[idle]: 20:58:56.442860 636 
[send]: 20:58:56.610963 637 B
[idle]: 20:58:56.779920 638 
[send]: 20:58:56.948642 639 B
[idle]: 20:58:57.117244 640 
[idle]: 20:58:57.284661 641 
[send]: 20:58:57.452896 642 B
[idle]: 20:58:57.621393 643 
[idle]: 20:58:57.791287 644 
[idle]: 20:58:57.958773 645 
[idle]: 20:58:58.127328 646 
[send]: 20:58:58.295255 647 AB
[idle]: 20:58:58.463643 648 
[send]: 20:58:58.631191 649 A
[idle]: 20:58:58.799200 650 
[idle]: 20:58:58.966946 651 
[idle]: 20:58:59.135082 652 
[send]: 20:58:59.302591 653 AB
[send]: 20:58:59.470640 654 B
[send]: 20:58:59.638317 655 A
[idle]: 20:58:59.806250 656 
[send]: 20:58:59.974091 657 AB
[send]: 20:59:00.141815 658 A
[send]: 20:59:00.309684 659 AB
[send]: 20:59:00.478089 660 AB
[send]: 20:59:00.647001 661 AB
[idle]: 20:59:00.815524 662 
[send]: 20:59:00.983419 663 AB
[idle]: 20:59:01.151880 664 
[send]: 20:59:01.321141 665 AB
[send]: 20:59:01.488540 666 B
[idle]: 20:59:01.656355 667 
[send]: 20:59:01.824507 668 A
[idle]: 20:59:01.992676 669 
[send]: 20:59:02.160523 670 B
[idle]: 20:59:02.328527 671 
[send]: 20:59:02.496254 672 A
[send]: 20:59:02.664605 673 B
[idle]: 20:59:02.832424 674 
[idle]: 20:59:03.000447 675 
[send]: 20:59:03.168051 676 A
[idle]: 20:59:03.335906 677 
[idle]: 20:59:03.504229 678 
[send]: 20:59:03.672089 679 B
[idle]: 20:59:03.840206 680 
[idle]: 20:59:04.008270 681 
[send]: 20:59:04.175647 682 A
[idle]: 20:59:04.343742 683 
[idle]: 20:59:04.511878 684 
[send]: 20:59:04.679863 685 B
[send]: 20:59:04.847821 686 A
[idle]: 20:59:05.015878 687 
[idle]: 20:59:05.183661 688 
[send]: 20:59:05.351809 689 A
[send]: 20:59:05.520007 690 B
[send]: 20:59:05.689091 691 B
[send]: 20:59:05.857714 692 B
[send]: 20:59:06.027436 693 A
[send]: 20:59:06.195515 694 A
[send]: 20:59:06.365040 695 A
[idle]: 20:59:06.533929 696 
[idle]: 20:59:06.703101 697 
[idle]: 20:59:06.872121 698 
[send]: 20:59:07.040709 699 B
[idle]: 20:59:07.210771 700 
[send]: 20:59:07.378484 701 AB
[idle]: 20:59:07.547397 702 
[send]: 20:59:07.716287 703 AB
[idle]: 20:59:07.885858 704 
[send]: 20:59:08.054477 705 A
[idle]: 20:59:08.223385 706 
[send]: 20:59:08.392153 707 A
