[idle]: 20:55:08.824452 0 
[recv]: 20:55:09.077462 1 Queued Messages: 0
[send]: 20:55:09.330310 2 B
[idle]: 20:55:09.581332 3 
[recv]: 20:55:09.832778 4 Queued Messages: 0
[idle]: 20:55:10.084233 5 
[idle]: 20:55:10.336150 6 
[idle]: 20:55:10.586909 7 
[idle]: 20:55:10.838270 8 
[send]: 20:55:11.089563 9 AB
[idle]: 20:55:11.341653 10 
[recv]: 20:55:11.593281 11 Queued Messages: 0
[recv]: 20:55:11.845354 12 Queued Messages: 0
[send]: 20:55:12.096753 13 AB
[idle]: 20:55:12.348832 14 
[send]: 20:55:12.602753 15 A
[send]: 20:55:12.871119 16 B
[idle]: 20:55:13.123219 17 
[idle]: 20:55:13.398256 18 
[idle]: 20:55:13.652116 19 
[idle]: 20:55:13.903491 20 
[idle]: 20:55:14.154636 21 
[idle]: 20:55:14.406481 22 
[recv]: 20:55:14.658010 23 Queued Messages: 0
[send]: 20:55:14.909358 24 B
[send]: 20:55:15.161982 25 A
[idle]: 20:55:15.414026 26 
[idle]: 20:55:15.665904 27 
[send]: 20:55:15.916913 28 B
[idle]: 20:55:16.170284 29 
[idle]: 20:55:16.421757 30 
[idle]: 20:55:16.675950 31 
[recv]: 20:55:16.928864 32 Queued Messages: 0
[idle]: 20:55:17.180398 33 
[idle]: 20:55:17.432010 34 
[send]: 20:55:17.684435 35 AB
[idle]: 20:55:17.935921 36 
[idle]: 20:55:18.188821 37 
[send]: 20:55:18.440312 38 B
[send]: 20:55:18.693620 39 AB
[send]: 20:55:18.946065 40 B
[idle]: 20:55:19.198031 41 
[idle]: 20:55:19.450850 42 
[recv]: 20:55:19.703361 43 Queued Messages: 0
[idle]: 20:55:19.959125 44 
[idle]: 20:55:20.213953 45 
[idle]: 20:55:20.466003 46 
[idle]: 20:55:20.718858 47 
[send]: 20:55:20.970377 48 AB
[idle]: 20:55:21.223430 49 
[idle]: 20:55:21.475738 50 
[recv]: 20:55:21.727333 51 Queued Messages: 0
[idle]: 20:55:21.978374 52 
[idle]: 20:55:22.229566 53 
[send]: 20:55:22.482352 54 A
[send]: 20:55:22.733816 55 AB
[idle]: 20:55:22.985140 56 
[send]: 20:55:23.238585 57 A
[idle]: 20:55:23.491464 58 
[recv]: 20:55:23.742817 59 Queued Messages: 0
[idle]: 20:55:23.993674 60 
[idle]: 20:55:24.245029 61 
[idle]: 20:55:24.501092 62 
[idle]: 20:55:24.754344 63 
[recv]: 20:55:25.006194 64 Queued Messages: 0
[idle]: 20:55:25.257570 65 
[idle]: 20:55:25.508133 66 
[idle]: 20:55:25.760033 67 
[recv]: 20:55:26.011558 68 Queued Messages: 0
[idle]: 20:55:26.262451 69 
[send]: 20:55:26.513781 70 AB
[idle]: 20:55:26.766088 71 
[send]: 20:55:27.018211 72 AB
[idle]: 20:55:27.272639 73 
[idle]: 20:55:27.528929 74 
[send]: 20:55:27.779774 75 A
[send]: 20:55:28.033534 76 A
[idle]: 20:55:28.285322 77 
[idle]: 20:55:28.537858 78 
[recv]: 20:55:28.789412 79 Queued Messages: 0
[idle]: 20:55:29.040847 80 
[idle]: 20:55:29.291863 81 
[recv]: 20:55:29.543188 82 Queued Messages: 0
[idle]: 20:55:29.795709 83 
[recv]: 20:55:30.047353 84 Queued Messages: 0
[send]: 20:55:30.299229 85 AB
[idle]: 20:55:30.551865 86 
[idle]: 20:55:30.802956 87 
[recv]: 20:55:31.054774 88 Queued Messages: 0
[idle]: 20:55:31.306592 89 
[idle]: 20:55:31.558153 90 
[idle]: 20:55:31.812179 91 
[idle]: 20:55:32.064116 92 
[idle]: 20:55:32.316495 93 
[recv]: 20:55:32.569010 94 Queued Messages: 0
[idle]: 20:55:32.821683 95 
[idle]: 20:55:33.072795 96 
[idle]: 20:55:33.323915 97 
[idle]: 20:55:33.575304 98 
[send]: 20:55:33.826201 99 AB
[idle]: 20:55:34.077902 100 
[send]: 20:55:34.328723 101 AB
[idle]: 20:55:34.580092 102 
[idle]: 20:55:34.831108 103 
[send]: 20:55:35.082091 104 A
[send]: 20:55:35.334194 105 AB
[idle]: 20:55:35.587212 106 
[idle]: 20:55:35.838217 107 
[idle]: 20:55:36.089650 108 
[send]: 20:55:36.344084 109 A
[recv]: 20:55:36.596002 110 Queued Messages: 0
[send]: 20:55:36.848221 111 AB
[send]: 20:55:37.099737 112 A
[send]: 20:55:37.352270 113 AB
[idle]: 20:55:37.604297 114 
[send]: 20:55:37.856729 115 B
[idle]: 20:55:38.109342 116 
[send]: 20:55:38.360578 117 B
[send]: 20:55:38.613034 118 AB
[idle]: 20:55:38.867537 119 
[idle]: 20:55:39.118469 120 
[idle]: 20:55:39.371416 121 
[idle]: 20:55:39.623353 122 
[idle]: 20:55:39.875838 123 
[send]: 20:55:40.129803 124 A
[idle]: 20:55:40.382509 125 
[idle]: 20:55:40.634141 126 
[send]: 20:55:40.886116 127 AB
[send]: 20:55:41.138032 128 A
[idle]: 20:55:41.390946 129 
[send]: 20:55:41.645431 130 AB
[send]: 20:55:41.896502 131 A
[send]: 20:55:42.150672 132 AB
[idle]: 20:55:42.402709 133 
[idle]: 20:55:42.653740 134 
[idle]: 20:55:42.905315 135 
[recv]: 20:55:43.156964 136 Queued Messages: 0
[recv]: 20:55:43.408855 137 Queued Messages: 0
[idle]: 20:55:43.660440 138 
[idle]: 20:55:43.912181 139 
[recv]: 20:55:44.163689 140 Queued Messages: 0
[idle]: 20:55:44.415015 141 
[idle]: 20:55:44.666121 142 
[send]: 20:55:44.917705 143 AB
[idle]: 20:55:45.170868 144 
[idle]: 20:55:45.423305 145 
[send]: 20:55:45.674825 146 AB
[idle]: 20:55:45.928082 147 
[idle]: 20:55:46.180533 148 
[idle]: 20:55:46.431756 149 
[recv]: 20:55:46.683366 150 Queued Messages: 0
[idle]: 20:55:46.934834 151 
[idle]: 20:55:47.186096 152 
[recv]: 20:55:47.437700 153 Queued Messages: 0
[idle]: 20:55:47.689454 154 
[idle]: 20:55:47.941350 155 
[recv]: 20:55:48.193724 156 Queued Messages: 0
[idle]: 20:55:48.445694 157 
[idle]: 20:55:48.697622 158 
[recv]: 20:55:48.949857 159 Queued Messages: 0
[idle]: 20:55:49.202154 160 
[send]: 20:55:49.454020 161 B
[send]: 20:55:49.706049 162 B
[send]: 20:55:49.958564 163 A
[idle]: 20:55:50.210839 164 
[idle]: 20:55:50.462923 165 
[send]: 20:55:50.715209 166 A
[send]: 20:55:50.967866 167 B
[idle]: 20:55:51.220622 168 
[send]: 20:55:51.473511 169 A
[idle]: 20:55:51.726313 170 
[idle]: 20:55:51.977730 171 
[recv]: 20:55:52.229209 172 Queued Messages: 0
[idle]: 20:55:52.481768 173 
[idle]: 20:55:52.733959 174 
[idle]: 20:55:52.985283 175 
[idle]: 20:55:53.236260 176 
[send]: 20:55:53.487809 177 A
[idle]: 20:55:53.738953 178 
[send]: 20:55:53.989753 179 A
[send]: 20:55:54.241486 180 A
[idle]: 20:55:54.493083 181 
[idle]: 20:55:54.744819 182 
[idle]: 20:55:54.996753 183 
[idle]: 20:55:55.248834 184 
[idle]: 20:55:55.501197 185 
[idle]: 20:55:55.753283 186 
[idle]: 20:55:56.005809 187 
[recv]: 20:55:56.257542 188 Queued Messages: 0
[idle]: 20:55:56.509007 189 
[idle]: 20:55:56.761143 190 
[idle]: 20:55:57.012601 191 
[idle]: 20:55:57.264467 192 
[send]: 20:55:57.516396 193 AB
[idle]: 20:55:57.767780 194 
[idle]: 20:55:58.018612 195 
[send]: 20:55:58.269785 196 A
[idle]: 20:55:58.521385 197 
[idle]: 20:55:58.772832 198 
[idle]: 20:55:59.024211 199 
[send]: 20:55:59.276419 200 A
[idle]: 20:55:59.529475 201 
[idle]: 20:55:59.781162 202 
[recv]: 20:56:00.032915 203 Queued Messages: 0
[idle]: 20:56:00.284268 204 
[idle]: 20:56:00.535562 205 
[idle]: 20:56:00.788097 206 
[idle]: 20:56:01.040800 207 
[recv]: 20:56:01.293742 208 Queued Messages: 0
[idle]: 20:56:01.546611 209 
[idle]: 20:56:01.799480 210 
[idle]: 20:56:02.051163 211 
[idle]: 20:56:02.303241 212 
[send]: 20:56:02.555910 213 AB
[idle]: 20:56:02.808202 214 
[idle]: 20:56:03.060206 215 
[idle]: 20:56:03.311388 216 
[recv]: 20:56:03.562586 217 Queued Messages: 0
[idle]: 20:56:03.813425 218 
[idle]: 20:56:04.064996 219 
[send]: 20:56:04.316083 220 B
[idle]: 20:56:04.569046 221 
[idle]: 20:56:04.820191 222 
[send]: 20:56:05.071952 223 A
[recv]: 20:56:05.323989 224 Queued Messages: 0
[idle]: 20:56:05.576262 225 
[idle]: 20:56:05.827808 226 
[idle]: 20:56:06.079635 227 
[recv]: 20:56:06.331541 228 Queued Messages: 0
[idle]: 20:56:06.583001 229 
[recv]: 20:56:06.835604 230 Queued Messages: 0
[send]: 20:56:07.086822 231 AB
[idle]: 20:56:07.338715 232 
[send]: 20:56:07.589972 233 B
[idle]: 20:56:07.842048 234 
