[idle]: 20:55:08.827958 0 
[idle]: 20:55:09.162798 1 
[idle]: 20:55:09.497826 2 
[idle]: 20:55:09.832778 3 
[idle]: 20:55:10.168119 4 
[idle]: 20:55:10.502795 5 
[idle]: 20:55:10.838270 6 
[recv]: 20:55:11.172334 9 Queued Messages: 0
[send]: 20:55:11.507259 10 AB
[send]: 20:55:11.844324 11 A
[recv]: 20:55:12.178932 13 Queued Messages: 0
[idle]: 20:55:12.515320 14 
[recv]: 20:55:12.866723 15 Queued Messages: 1
[recv]: 20:55:13.205942 16 Queued Messages: 0
[idle]: 20:55:13.543712 17 
[idle]: 20:55:13.879213 18 
[send]: 20:55:14.213739 19 B
[send]: 20:55:14.548966 20 A
[idle]: 20:55:14.884364 21 
[recv]: 20:55:15.218451 22 Queued Messages: 1
[recv]: 20:55:15.553856 25 Queued Messages: 0
[idle]: 20:55:15.889439 26 
[recv]: 20:55:16.226372 27 Queued Messages: 0
[idle]: 20:55:16.562183 28 
[idle]: 20:55:16.897024 29 
[recv]: 20:55:17.231560 30 Queued Messages: 0
[idle]: 20:55:17.566820 31 
[recv]: 20:55:17.900942 35 Queued Messages: 0
[idle]: 20:55:18.236944 36 
[send]: 20:55:18.574312 37 B
[recv]: 20:55:18.909374 39 Queued Messages: 0
[idle]: 20:55:19.245533 40 
[send]: 20:55:19.582880 41 AB
[send]: 20:55:19.918009 42 B
[idle]: 20:55:20.254674 43 
[idle]: 20:55:20.589823 44 
[idle]: 20:55:20.924843 45 
[recv]: 20:55:21.259440 48 Queued Messages: 0
[send]: 20:55:21.594346 49 A
[idle]: 20:55:21.929383 50 
[idle]: 20:55:22.263593 51 
[recv]: 20:55:22.599871 54 Queued Messages: 0
[recv]: 20:55:22.934951 55 Queued Messages: 0
[recv]: 20:55:23.269070 57 Queued Messages: 0
[send]: 20:55:23.604872 58 A
[idle]: 20:55:23.939945 59 
[idle]: 20:55:24.275978 60 
[idle]: 20:55:24.610824 61 
[send]: 20:55:24.947866 62 AB
[idle]: 20:55:25.282637 63 
[idle]: 20:55:25.617135 64 
[recv]: 20:55:25.952223 65 Queued Messages: 0
[idle]: 20:55:26.286887 66 
[recv]: 20:55:26.621354 70 Queued Messages: 0
[idle]: 20:55:26.956023 71 
[recv]: 20:55:27.293812 72 Queued Messages: 0
[idle]: 20:55:27.630385 73 
[recv]: 20:55:27.966116 75 Queued Messages: 0
[recv]: 20:55:28.301823 76 Queued Messages: 0
[send]: 20:55:28.636648 77 AB
[idle]: 20:55:28.971141 78 
[send]: 20:55:29.305635 79 AB
[idle]: 20:55:29.641063 80 
[recv]: 20:55:29.976191 81 Queued Messages: 0
[recv]: 20:55:30.310877 85 Queued Messages: 0
[idle]: 20:55:30.645681 86 
[send]: 20:55:30.980912 87 AB
[idle]: 20:55:31.315807 88 
[idle]: 20:55:31.650929 89 
[idle]: 20:55:31.985313 90 
[send]: 20:55:32.320744 91 A
[idle]: 20:55:32.658295 92 
[idle]: 20:55:32.993007 93 
[send]: 20:55:33.327322 94 B
[idle]: 20:55:33.662422 95 
[recv]: 20:55:33.997263 99 Queued Messages: 0
[recv]: 20:55:34.332198 101 Queued Messages: 0
[idle]: 20:55:34.668965 102 
[idle]: 20:55:35.003311 103 
[recv]: 20:55:35.337791 104 Queued Messages: 1
[recv]: 20:55:35.673111 105 Queued Messages: 0
[idle]: 20:55:36.007183 106 
[recv]: 20:55:36.344084 109 Queued Messages: 0
[recv]: 20:55:36.679466 110 Queued Messages: 0
[recv]: 20:55:37.014039 111 Queued Messages: 0
[recv]: 20:55:37.349430 112 Queued Messages: 0
[recv]: 20:55:37.684065 113 Queued Messages: 0
[idle]: 20:55:38.018342 114 
[idle]: 20:55:38.354080 115 
[recv]: 20:55:38.690143 118 Queued Messages: 0
[idle]: 20:55:39.025290 119 
[idle]: 20:55:39.361430 120 
[idle]: 20:55:39.698714 121 
[idle]: 20:55:40.035976 122 
[recv]: 20:55:40.370829 124 Queued Messages: 0
[send]: 20:55:40.707280 125 B
[recv]: 20:55:41.042778 127 Queued Messages: 0
[recv]: 20:55:41.378167 128 Queued Messages: 0
[recv]: 20:55:41.714164 130 Queued Messages: 0
[recv]: 20:55:42.049453 131 Queued Messages: 0
[recv]: 20:55:42.385045 132 Queued Messages: 0
[send]: 20:55:42.720216 133 B
[send]: 20:55:43.054884 134 A
[send]: 20:55:43.390067 135 AB
[idle]: 20:55:43.725455 136 
[send]: 20:55:44.063233 137 A
[send]: 20:55:44.397958 138 B
[idle]: 20:55:44.732681 139 
[recv]: 20:55:45.067964 143 Queued Messages: 0
[idle]: 20:55:45.403850 144 
[recv]: 20:55:45.739052 146 Queued Messages: 0
[idle]: 20:55:46.074711 147 
[idle]: 20:55:46.409691 148 
[send]: 20:55:46.744644 149 B
[idle]: 20:55:47.079033 150 
[send]: 20:55:47.413790 151 AB
[idle]: 20:55:47.749748 152 
[recv]: 20:55:48.084278 153 Queued Messages: 0
[idle]: 20:55:48.419926 154 
[send]: 20:55:48.755285 155 AB
[idle]: 20:55:49.091311 156 
[idle]: 20:55:49.428072 157 
[idle]: 20:55:49.762589 158 
[recv]: 20:55:50.098033 163 Queued Messages: 0
[idle]: 20:55:50.433574 164 
[recv]: 20:55:50.769114 166 Queued Messages: 0
[idle]: 20:55:51.105894 167 
[idle]: 20:55:51.440348 168 
[recv]: 20:55:51.776233 169 Queued Messages: 0
[send]: 20:55:52.111524 170 AB
[idle]: 20:55:52.447649 171 
[idle]: 20:55:52.783312 172 
[idle]: 20:55:53.118490 173 
[idle]: 20:55:53.452610 174 
[recv]: 20:55:53.786947 177 Queued Messages: 0
[recv]: 20:55:54.121405 179 Queued Messages: 0
[recv]: 20:55:54.456048 180 Queued Messages: 0
[idle]: 20:55:54.790522 181 
[idle]: 20:55:55.125579 182 
[idle]: 20:55:55.461268 183 
[idle]: 20:55:55.797233 184 
[recv]: 20:55:56.132112 185 Queued Messages: 0
[idle]: 20:55:56.466598 186 
[idle]: 20:55:56.801760 187 
[idle]: 20:55:57.137424 188 
[send]: 20:55:57.473131 189 B
[recv]: 20:55:57.807528 193 Queued Messages: 0
[idle]: 20:55:58.141965 194 
[recv]: 20:55:58.476176 196 Queued Messages: 0
[idle]: 20:55:58.811187 197 
[idle]: 20:55:59.146371 198 
[recv]: 20:55:59.481231 200 Queued Messages: 0
[send]: 20:55:59.816581 201 A
[idle]: 20:56:00.151625 202 
[idle]: 20:56:00.486462 203 
[idle]: 20:56:00.821514 204 
[send]: 20:56:01.157793 205 A
[idle]: 20:56:01.493884 206 
[send]: 20:56:01.829344 207 B
[idle]: 20:56:02.164523 208 
[send]: 20:56:02.499807 209 B
[recv]: 20:56:02.835957 213 Queued Messages: 0
[idle]: 20:56:03.171344 214 
[send]: 20:56:03.505922 215 AB
[idle]: 20:56:03.840463 216 
[idle]: 20:56:04.174758 217 
[idle]: 20:56:04.509453 218 
[idle]: 20:56:04.844891 219 
[recv]: 20:56:05.179709 223 Queued Messages: 0
[idle]: 20:56:05.514656 224 
[idle]: 20:56:05.849897 225 
[send]: 20:56:06.185096 226 A
[idle]: 20:56:06.520067 227 
[recv]: 20:56:06.855349 228 Queued Messages: 0
[recv]: 20:56:07.190406 231 Queued Messages: 0
[idle]: 20:56:07.525298 232 
[idle]: 20:56:07.860402 233 
