[recv]: 20:56:09.275130 0 Queued Messages: 0
[send]: 20:56:09.478367 1 AB
[idle]: 20:56:09.680125 2 
[recv]: 20:56:09.881450 3 Queued Messages: 0
[recv]: 20:56:10.082770 4 Queued Messages: 0
[recv]: 20:56:10.283794 5 Queued Messages: 0
[idle]: 20:56:10.485736 6 
[idle]: 20:56:10.686300 7 
[idle]: 20:56:10.888403 8 
[idle]: 20:56:11.090554 9 
[idle]: 20:56:11.292421 10 
[recv]: 20:56:11.494349 11 Queued Messages: 0
[recv]: 20:56:11.695776 12 Queued Messages: 0
[idle]: 20:56:11.897109 13 
[recv]: 20:56:12.098710 14 Queued Messages: 0
[send]: 20:56:12.300442 15 AB
[idle]: 20:56:12.502193 16 
[send]: 20:56:12.707447 17 AB
[idle]: 20:56:12.909349 18 
[send]: 20:56:13.110581 19 A
[send]: 20:56:13.312615 20 AB
[idle]: 20:56:13.515403 21 
[send]: 20:56:13.717402 22 B
[recv]: 20:56:13.920200 23 Queued Messages: 0
[idle]: 20:56:14.121956 24 
[recv]: 20:56:14.322971 25 Queued Messages: 0
[idle]: 20:56:14.525006 26 
[recv]: 20:56:14.726985 27 Queued Messages: 0
[idle]: 20:56:14.927948 28 
[recv]: 20:56:15.129511 29 Queued Messages: 0
[idle]: 20:56:15.332526 30 
[idle]: 20:56:15.534385 31 
[idle]: 20:56:15.736694 32 
[idle]: 20:56:15.939157 33 
[idle]: 20:56:16.141611 34 
[idle]: 20:56:16.343050 35 
[recv]: 20:56:16.545417 36 Queued Messages: 0
[recv]: 20:56:16.747504 37 Queued Messages: 0
[idle]: 20:56:16.949171 38 
[idle]: 20:56:17.150831 39 
[idle]: 20:56:17.352917 40 
[send]: 20:56:17.555157 41 A
[idle]: 20:56:17.756968 42 
[idle]: 20:56:17.959469 43 
[idle]: 20:56:18.161793 44 
[idle]: 20:56:18.364607 45 
[idle]: 20:56:18.567486 46 
[recv]: 20:56:18.770135 47 Queued Messages: 0
[idle]: 20:56:18.973271 48 
[recv]: 20:56:19.175291 49 Queued Messages: 0
[idle]: 20:56:19.378209 50 
[idle]: 20:56:19.582027 51 
[recv]: 20:56:19.783980 52 Queued Messages: 0
[recv]: 20:56:19.986540 53 Queued Messages: 0
[recv]: 20:56:20.188846 54 Queued Messages: 0
[idle]: 20:56:20.389554 55 
[idle]: 20:56:20.592046 56 
[recv]: 20:56:20.793863 57 Queued Messages: 0
[idle]: 20:56:20.995930 58 
[idle]: 20:56:21.198879 59 
[send]: 20:56:21.401208 60 A
[idle]: 20:56:21.603144 61 
[idle]: 20:56:21.806530 62 
[idle]: 20:56:22.007608 63 
[recv]: 20:56:22.210270 64 Queued Messages: 0
[recv]: 20:56:22.412401 65 Queued Messages: 0
[send]: 20:56:22.613600 66 B
[idle]: 20:56:22.815670 67 
[send]: 20:56:23.017648 68 B
[idle]: 20:56:23.219403 69 
[idle]: 20:56:23.421007 70 
[idle]: 20:56:23.622497 71 
[idle]: 20:56:23.824138 72 
[send]: 20:56:24.025592 73 A
[send]: 20:56:24.227532 74 A
[idle]: 20:56:24.429437 75 
[idle]: 20:56:24.631163 76 
[recv]: 20:56:24.832645 77 Queued Messages: 0
[idle]: 20:56:25.033930 78 
[idle]: 20:56:25.236023 79 
[recv]: 20:56:25.437757 80 Queued Messages: 0
[idle]: 20:56:25.638990 81 
[send]: 20:56:25.839965 82 A
[idle]: 20:56:26.041253 83 
[recv]: 20:56:26.242740 84 Queued Messages: 0
[idle]: 20:56:26.444115 85 
[idle]: 20:56:26.645619 86 
[recv]: 20:56:26.847483 87 Queued Messages: 0
[recv]: 20:56:27.048898 88 Queued Messages: 0
[idle]: 20:56:27.250322 89 
[idle]: 20:56:27.453741 90 
[idle]: 20:56:27.655035 91 
[idle]: 20:56:27.856256 92 
[idle]: 20:56:28.058797 93 
[send]: 20:56:28.262529 94 B
[idle]: 20:56:28.463118 95 
[idle]: 20:56:28.665048 96 
[recv]: 20:56:28.866802 97 Queued Messages: 0
[recv]: 20:56:29.069361 98 Queued Messages: 0
[send]: 20:56:29.270955 99 B
[idle]: 20:56:29.475228 100 
[recv]: 20:56:29.676950 101 Queued Messages: 0
[recv]: 20:56:29.879330 102 Queued Messages: 0
[send]: 20:56:30.081755 103 AB
[recv]: 20:56:30.283868 104 Queued Messages: 0
[idle]: 20:56:30.511556 105 
[recv]: 20:56:30.715806 106 Queued Messages: 0
[idle]: 20:56:30.917523 107 
[recv]: 20:56:31.118816 108 Queued Messages: 0
[send]: 20:56:31.320532 109 A
[idle]: 20:56:31.522444 110 
[recv]: 20:56:31.723719 111 Queued Messages: 0
[recv]: 20:56:31.926313 112 Queued Messages: 0
[send]: 20:56:32.127469 113 B
[send]: 20:56:32.329224 114 B
[idle]: 20:56:32.530467 115 
[recv]: 20:56:32.731976 116 Queued Messages: 0
[send]: 20:56:32.934277 117 AB
[idle]: 20:56:33.136933 118 
[idle]: 20:56:33.339961 119 
[idle]: 20:56:33.541921 120 
[send]: 20:56:33.743675 121 B
[idle]: 20:56:33.944926 122 
[send]: 20:56:34.146372 123 A
[idle]: 20:56:34.349026 124 
[idle]: 20:56:34.550564 125 
[idle]: 20:56:34.752078 126 
[send]: 20:56:34.953417 127 AB
[send]: 20:56:35.154516 128 B
[idle]: 20:56:35.355578 129 
[recv]: 20:56:35.556896 130 Queued Messages: 0
[send]: 20:56:35.758505 131 AB
[recv]: 20:56:35.961001 132 Queued Messages: 0
[idle]: 20:56:36.162896 133 
[idle]: 20:56:36.364949 134 
[idle]: 20:56:36.568580 135 
[send]: 20:56:36.770629 136 A
[idle]: 20:56:36.972591 137 
[send]: 20:56:37.175535 138 A
[recv]: 20:56:37.378303 139 Queued Messages: 0
[recv]: 20:56:37.579871 140 Queued Messages: 0
[recv]: 20:56:37.781254 141 Queued Messages: 0
[recv]: 20:56:37.982803 142 Queued Messages: 0
[send]: 20:56:38.183917 143 B
[send]: 20:56:38.385797 144 A
[send]: 20:56:38.588209 145 A
[idle]: 20:56:38.790216 146 
[send]: 20:56:38.991647 147 AB
[send]: 20:56:39.193441 148 AB
[idle]: 20:56:39.395203 149 
[idle]: 20:56:39.596975 150 
[send]: 20:56:39.798330 151 AB
[idle]: 20:56:40.000282 152 
[recv]: 20:56:40.202364 153 Queued Messages: 0
[idle]: 20:56:40.405339 154 
[recv]: 20:56:40.606671 155 Queued Messages: 0
[send]: 20:56:40.809021 156 AB
[send]: 20:56:41.011946 157 AB
[send]: 20:56:41.215558 158 A
[idle]: 20:56:41.417225 159 
[idle]: 20:56:41.618585 160 
[idle]: 20:56:41.819790 161 
[idle]: 20:56:42.022857 162 
[send]: 20:56:42.225200 163 AB
[idle]: 20:56:42.427487 164 
[idle]: 20:56:42.629852 165 
[idle]: 20:56:42.833210 166 
[idle]: 20:56:43.034150 167 
[idle]: 20:56:43.237388 168 
[recv]: 20:56:43.440515 169 Queued Messages: 0
[recv]: 20:56:43.645658 170 Queued Messages: 0
[recv]: 20:56:43.846578 171 Queued Messages: 0
[idle]: 20:56:44.049107 172 
[recv]: 20:56:44.251091 173 Queued Messages: 0
[send]: 20:56:44.452342 174 A
[idle]: 20:56:44.655098 175 
[send]: 20:56:44.856372 176 AB
[idle]: 20:56:45.057012 177 
[idle]: 20:56:45.258279 178 
[idle]: 20:56:45.459772 179 
[recv]: 20:56:45.661290 180 Queued Messages: 0
[recv]: 20:56:45.914560 181 Queued Messages: 0
[recv]: 20:56:46.116238 182 Queued Messages: 0
[send]: 20:56:46.318110 183 B
[send]: 20:56:46.520380 184 B
[recv]: 20:56:46.721385 185 Queued Messages: 0
[idle]: 20:56:46.923302 186 
[recv]: 20:56:47.125449 187 Queued Messages: 0
[send]: 20:56:47.327148 188 A
[send]: 20:56:47.528321 189 B
[idle]: 20:56:47.729828 190 
[send]: 20:56:47.931048 191 B
[idle]: 20:56:48.133265 192 
[recv]: 20:56:48.334400 193 Queued Messages: 0
[recv]: 20:56:48.535454 194 Queued Messages: 0
[idle]: 20:56:48.736664 195 
[send]: 20:56:48.937598 196 A
[recv]: 20:56:49.139419 197 Queued Messages: 0
[idle]: 20:56:49.343208 198 
[idle]: 20:56:49.545129 199 
[recv]: 20:56:49.747876 200 Queued Messages: 0
[recv]: 20:56:49.950024 201 Queued Messages: 0
[recv]: 20:56:50.153187 202 Queued Messages: 0
[recv]: 20:56:50.355634 203 Queued Messages: 0
[idle]: 20:56:50.556913 204 
[send]: 20:56:50.760242 205 AB
[idle]: 20:56:50.962507 206 
[idle]: 20:56:51.164695 207 
[idle]: 20:56:51.366240 208 
[idle]: 20:56:51.567630 209 
[idle]: 20:56:51.769836 210 
[idle]: 20:56:51.971118 211 
[idle]: 20:56:52.173322 212 
[recv]: 20:56:52.375836 213 Queued Messages: 0
[idle]: 20:56:52.578928 214 
[idle]: 20:56:52.782553 215 
[recv]: 20:56:52.986862 216 Queued Messages: 0
[idle]: 20:56:53.188073 217 
[idle]: 20:56:53.389415 218 
[recv]: 20:56:53.590816 219 Queued Messages: 0
[send]: 20:56:53.791661 220 A
[send]: 20:56:53.992500 221 B
[idle]: 20:56:54.193727 222 
[send]: 20:56:54.394439 223 B
[recv]: 20:56:54.596920 224 Queued Messages: 0
[send]: 20:56:54.798137 225 AB
[idle]: 20:56:54.999648 226 
[send]: 20:56:55.201101 227 A
[recv]: 20:56:55.402616 228 Queued Messages: 0
[idle]: 20:56:55.604668 229 
[idle]: 20:56:55.806242 230 
[idle]: 20:56:56.010444 231 
[idle]: 20:56:56.211548 232 
[send]: 20:56:56.414179 233 A
[send]: 20:56:56.616916 234 B
[idle]: 20:56:56.818630 235 
[idle]: 20:56:57.020438 236 
[recv]: 20:56:57.221941 237 Queued Messages: 0
[recv]: 20:56:57.423873 238 Queued Messages: 0
[send]: 20:56:57.626615 239 B
[send]: 20:56:57.827933 240 B
[idle]: 20:56:58.031091 241 
[recv]: 20:56:58.232424 242 Queued Messages: 0
[recv]: 20:56:58.433746 243 Queued Messages: 0
[idle]: 20:56:58.635551 244 
[idle]: 20:56:58.836219 245 
[idle]: 20:56:59.037772 246 
[idle]: 20:56:59.238890 247 
[recv]: 20:56:59.441176 248 Queued Messages: 0
[idle]: 20:56:59.642241 249 
[recv]: 20:56:59.843622 250 Queued Messages: 0
[send]: 20:57:00.045403 251 AB
[send]: 20:57:00.247420 252 B
[recv]: 20:57:00.451172 253 Queued Messages: 0
[idle]: 20:57:00.652634 254 
[idle]: 20:57:00.854204 255 
[idle]: 20:57:01.057133 256 
[idle]: 20:57:01.258138 257 
[send]: 20:57:01.459909 258 A
[idle]: 20:57:01.661673 259 
[idle]: 20:57:01.863647 260 
[recv]: 20:57:02.064860 261 Queued Messages: 0
[send]: 20:57:02.266219 262 B
[send]: 20:57:02.467364 263 A
[idle]: 20:57:02.668555 264 
[idle]: 20:57:02.869801 265 
[recv]: 20:57:03.071190 266 Queued Messages: 0
[send]: 20:57:03.272642 267 A
[idle]: 20:57:03.473802 268 
[recv]: 20:57:03.676598 269 Queued Messages: 0
[send]: 20:57:03.878971 270 A
[send]: 20:57:04.081115 271 A
[recv]: 20:57:04.284174 272 Queued Messages: 0
[idle]: 20:57:04.486417 273 
[idle]: 20:57:04.689631 274 
[recv]: 20:57:04.892927 275 Queued Messages: 0
[idle]: 20:57:05.095866 276 
[idle]: 20:57:05.297304 277 
[recv]: 20:57:05.500306 278 Queued Messages: 0
[send]: 20:57:05.704292 279 A
[send]: 20:57:05.906536 280 AB
[send]: 20:57:06.109715 281 A
[recv]: 20:57:06.310777 282 Queued Messages: 0
[recv]: 20:57:06.512188 283 Queued Messages: 0
[idle]: 20:57:06.713800 284 
[send]: 20:57:06.914548 285 B
[idle]: 20:57:07.116601 286 
[recv]: 20:57:07.317689 287 Queued Messages: 0
[recv]: 20:57:07.518667 288 Queued Messages: 0
[send]: 20:57:07.720989 289 B
[idle]: 20:57:07.922624 290 
[recv]: 20:57:08.124036 291 Queued Messages: 0
