[send]: 20:56:09.275130 0 AB
[idle]: 20:56:09.476280 1 
[recv]: 20:56:09.677538 2 Queued Messages: 0
[recv]: 20:56:09.878705 3 Queued Messages: 0
[recv]: 20:56:10.080501 4 Queued Messages: 0
[idle]: 20:56:10.282199 5 
[idle]: 20:56:10.483114 6 
[idle]: 20:56:10.684719 7 
[idle]: 20:56:10.888403 8 
[idle]: 20:56:11.090554 9 
[idle]: 20:56:11.292421 10 
[send]: 20:56:11.493301 11 B
[recv]: 20:56:11.695254 12 Queued Messages: 0
[idle]: 20:56:11.897109 13 
[idle]: 20:56:12.098710 14 
[idle]: 20:56:12.299398 15 
[recv]: 20:56:12.500723 16 Queued Messages: 0
[idle]: 20:56:12.705423 17 
[recv]: 20:56:12.906319 18 Queued Messages: 0
[idle]: 20:56:13.107511 19 
[recv]: 20:56:13.310057 20 Queued Messages: 0
[recv]: 20:56:13.515403 21 Queued Messages: 0
[send]: 20:56:13.717402 22 AB
[idle]: 20:56:13.920200 23 
[idle]: 20:56:14.121956 24 
[recv]: 20:56:14.322971 25 Queued Messages: 0
[idle]: 20:56:14.525006 26 
[idle]: 20:56:14.726985 27 
[send]: 20:56:14.927948 28 AB
[idle]: 20:56:15.129511 29 
[idle]: 20:56:15.332526 30 
[idle]: 20:56:15.534385 31 
[idle]: 20:56:15.736694 32 
[idle]: 20:56:15.939157 33 
[idle]: 20:56:16.141611 34 
[send]: 20:56:16.343050 35 B
[send]: 20:56:16.545417 36 AB
[idle]: 20:56:16.747504 37 
[idle]: 20:56:16.949171 38 
[send]: 20:56:17.150831 39 A
[idle]: 20:56:17.352917 40 
[idle]: 20:56:17.555157 41 
[recv]: 20:56:17.756968 42 Queued Messages: 0
[recv]: 20:56:17.959469 43 Queued Messages: 0
[idle]: 20:56:18.161793 44 
[idle]: 20:56:18.364607 45 
[send]: 20:56:18.567486 46 AB
[idle]: 20:56:18.770135 47 
[idle]: 20:56:18.973271 48 
[idle]: 20:56:19.175291 49 
[idle]: 20:56:19.378209 50 
[send]: 20:56:19.582027 51 AB
[send]: 20:56:19.783980 52 B
[send]: 20:56:19.986540 53 B
[idle]: 20:56:20.188846 54 
[idle]: 20:56:20.391133 55 
[idle]: 20:56:20.594106 56 
[idle]: 20:56:20.796419 57 
[idle]: 20:56:20.998123 58 
[recv]: 20:56:21.201460 59 Queued Messages: 0
[recv]: 20:56:21.402755 60 Queued Messages: 0
[send]: 20:56:21.604722 61 A
[idle]: 20:56:21.806530 62 
[send]: 20:56:22.009854 63 AB
[idle]: 20:56:22.211329 64 
[idle]: 20:56:22.413425 65 
[idle]: 20:56:22.617847 66 
[idle]: 20:56:22.819514 67 
[idle]: 20:56:23.021258 68 
[idle]: 20:56:23.223012 69 
[recv]: 20:56:23.424372 70 Queued Messages: 0
[idle]: 20:56:23.625412 71 
[idle]: 20:56:23.826956 72 
[recv]: 20:56:24.028236 73 Queued Messages: 0
[recv]: 20:56:24.229623 74 Queued Messages: 0
[idle]: 20:56:24.430996 75 
[idle]: 20:56:24.632704 76 
[recv]: 20:56:24.834205 77 Queued Messages: 0
[idle]: 20:56:25.035477 78 
[send]: 20:56:25.237569 79 B
[idle]: 20:56:25.439314 80 
[idle]: 20:56:25.641016 81 
[recv]: 20:56:25.842025 82 Queued Messages: 0
[idle]: 20:56:26.042882 83 
[recv]: 20:56:26.244331 84 Queued Messages: 0
[idle]: 20:56:26.445710 85 
[send]: 20:56:26.647162 86 AB
[idle]: 20:56:26.849011 87 
[recv]: 20:56:27.050498 88 Queued Messages: 0
[idle]: 20:56:27.251980 89 
[idle]: 20:56:27.454942 90 
[idle]: 20:56:27.657242 91 
[idle]: 20:56:27.857782 92 
[idle]: 20:56:28.058797 93 
[idle]: 20:56:28.262529 94 
[idle]: 20:56:28.464666 95 
[idle]: 20:56:28.666584 96 
[idle]: 20:56:28.867840 97 
[idle]: 20:56:29.069361 98 
[idle]: 20:56:29.270955 99 
[send]: 20:56:29.475228 100 B
[send]: 20:56:29.676950 101 AB
[idle]: 20:56:29.879330 102 
[send]: 20:56:30.082824 103 AB
[recv]: 20:56:30.283868 104 Queued Messages: 0
[idle]: 20:56:30.511556 105 
[recv]: 20:56:30.715292 106 Queued Messages: 0
[idle]: 20:56:30.916435 107 
[recv]: 20:56:31.118816 108 Queued Messages: 0
[idle]: 20:56:31.320532 109 
[recv]: 20:56:31.521906 110 Queued Messages: 0
[send]: 20:56:31.723719 111 AB
[send]: 20:56:31.926313 112 AB
[send]: 20:56:32.127469 113 A
[idle]: 20:56:32.329224 114 
[send]: 20:56:32.530467 115 AB
[idle]: 20:56:32.731976 116 
[idle]: 20:56:32.934277 117 
[recv]: 20:56:33.136933 118 Queued Messages: 0
[idle]: 20:56:33.338927 119 
[idle]: 20:56:33.541921 120 
[idle]: 20:56:33.743675 121 
[idle]: 20:56:33.944926 122 
[idle]: 20:56:34.146372 123 
[recv]: 20:56:34.349026 124 Queued Messages: 0
[idle]: 20:56:34.550564 125 
[idle]: 20:56:34.752078 126 
[send]: 20:56:34.953417 127 A
[recv]: 20:56:35.154516 128 Queued Messages: 0
[send]: 20:56:35.355578 129 B
[idle]: 20:56:35.556896 130 
[send]: 20:56:35.758505 131 AB
[recv]: 20:56:35.961001 132 Queued Messages: 0
[idle]: 20:56:36.162896 133 
[idle]: 20:56:36.364949 134 
[idle]: 20:56:36.568580 135 
[recv]: 20:56:36.770629 136 Queued Messages: 0
[send]: 20:56:36.972591 137 A
[send]: 20:56:37.175535 138 B
[recv]: 20:56:37.378303 139 Queued Messages: 0
[recv]: 20:56:37.579871 140 Queued Messages: 0
[send]: 20:56:37.781254 141 AB
[idle]: 20:56:37.982803 142 
[idle]: 20:56:38.183917 143 
[send]: 20:56:38.385797 144 A
[recv]: 20:56:38.588209 145 Queued Messages: 0
[recv]: 20:56:38.790216 146 Queued Messages: 0
[idle]: 20:56:38.991647 147 
[recv]: 20:56:39.193441 148 Queued Messages: 0
[recv]: 20:56:39.395203 149 Queued Messages: 0
[idle]: 20:56:39.596068 150 
[recv]: 20:56:39.797240 151 Queued Messages: 0
[recv]: 20:56:39.998668 152 Queued Messages: 0
[send]: 20:56:40.202364 153 AB
[idle]: 20:56:40.403190 154 
[send]: 20:56:40.606671 155 B
[idle]: 20:56:40.809021 156 
[recv]: 20:56:41.011946 157 Queued Messages: 0
[recv]: 20:56:41.213647 158 Queued Messages: 0
[recv]: 20:56:41.415305 159 Queued Messages: 0
[idle]: 20:56:41.617037 160 
[recv]: 20:56:41.819790 161 Queued Messages: 0
[idle]: 20:56:42.020667 162 
[send]: 20:56:42.223072 163 A
[recv]: 20:56:42.427487 164 Queued Messages: 0
[idle]: 20:56:42.628837 165 
[idle]: 20:56:42.831181 166 
[idle]: 20:56:43.034150 167 
[send]: 20:56:43.237388 168 AB
[send]: 20:56:43.442534 169 AB
[idle]: 20:56:43.647669 170 
[idle]: 20:56:43.849121 171 
[send]: 20:56:44.051143 172 AB
[idle]: 20:56:44.252657 173 
[recv]: 20:56:44.453878 174 Queued Messages: 0
[send]: 20:56:44.655098 175 A
[recv]: 20:56:44.856372 176 Queued Messages: 0
[idle]: 20:56:45.057012 177 
[idle]: 20:56:45.258279 178 
[idle]: 20:56:45.459772 179 
[recv]: 20:56:45.661290 180 Queued Messages: 0
[recv]: 20:56:45.914560 181 Queued Messages: 0
[idle]: 20:56:46.116238 182 
[idle]: 20:56:46.318110 183 
[send]: 20:56:46.520380 184 B
[idle]: 20:56:46.721385 185 
[send]: 20:56:46.924432 186 AB
[idle]: 20:56:47.125449 187 
[recv]: 20:56:47.327148 188 Queued Messages: 0
[idle]: 20:56:47.528321 189 
[idle]: 20:56:47.729828 190 
[idle]: 20:56:47.931048 191 
[idle]: 20:56:48.133265 192 
[send]: 20:56:48.334400 193 AB
[idle]: 20:56:48.535454 194 
[idle]: 20:56:48.736664 195 
[idle]: 20:56:48.937598 196 
[recv]: 20:56:49.139419 197 Queued Messages: 1
[recv]: 20:56:49.343208 198 Queued Messages: 0
[send]: 20:56:49.546289 199 AB
[idle]: 20:56:49.747876 200 
[send]: 20:56:49.950024 201 AB
[idle]: 20:56:50.153187 202 
[recv]: 20:56:50.356703 203 Queued Messages: 0
[idle]: 20:56:50.558522 204 
[recv]: 20:56:50.761445 205 Queued Messages: 0
[idle]: 20:56:50.962507 206 
[idle]: 20:56:51.164695 207 
[idle]: 20:56:51.366240 208 
[idle]: 20:56:51.567630 209 
[recv]: 20:56:51.769836 210 Queued Messages: 0
[idle]: 20:56:51.971118 211 
[idle]: 20:56:52.173322 212 
[idle]: 20:56:52.375836 213 
[idle]: 20:56:52.578928 214 
[send]: 20:56:52.782553 215 AB
[idle]: 20:56:52.985400 216 
[send]: 20:56:53.186337 217 A
[idle]: 20:56:53.387814 218 
[send]: 20:56:53.589249 219 AB
[send]: 20:56:53.790633 220 A
[recv]: 20:56:53.992500 221 Queued Messages: 0
[idle]: 20:56:54.193200 222 
[send]: 20:56:54.394439 223 AB
[idle]: 20:56:54.596920 224 
[idle]: 20:56:54.798137 225 
[recv]: 20:56:54.999648 226 Queued Messages: 0
[send]: 20:56:55.201101 227 B
[recv]: 20:56:55.402616 228 Queued Messages: 0
[idle]: 20:56:55.604668 229 
[recv]: 20:56:55.806242 230 Queued Messages: 0
[idle]: 20:56:56.009415 231 
[idle]: 20:56:56.211548 232 
[send]: 20:56:56.414179 233 A
[recv]: 20:56:56.616916 234 Queued Messages: 0
[idle]: 20:56:56.818630 235 
[send]: 20:56:57.020438 236 B
[idle]: 20:56:57.221941 237 
[idle]: 20:56:57.423873 238 
[idle]: 20:56:57.626615 239 
[idle]: 20:56:57.829467 240 
[send]: 20:56:58.031091 241 AB
[send]: 20:56:58.232424 242 B
[idle]: 20:56:58.434772 243 
[idle]: 20:56:58.639570 244 
[idle]: 20:56:58.840762 245 
[idle]: 20:56:59.042181 246 
[send]: 20:56:59.243409 247 B
[idle]: 20:56:59.445537 248 
[send]: 20:56:59.646922 249 AB
[idle]: 20:56:59.848807 250 
[recv]: 20:57:00.050750 251 Queued Messages: 0
[send]: 20:57:00.251998 252 B
[idle]: 20:57:00.454880 253 
[idle]: 20:57:00.657346 254 
[idle]: 20:57:00.859403 255 
[idle]: 20:57:01.060073 256 
[idle]: 20:57:01.261736 257 
[recv]: 20:57:01.462990 258 Queued Messages: 0
[idle]: 20:57:01.663738 259 
[send]: 20:57:01.865170 260 B
[recv]: 20:57:02.067112 261 Queued Messages: 0
[idle]: 20:57:02.268285 262 
[recv]: 20:57:02.469427 263 Queued Messages: 0
[idle]: 20:57:02.670093 264 
[send]: 20:57:02.871388 265 B
[idle]: 20:57:03.072736 266 
[recv]: 20:57:03.274217 267 Queued Messages: 0
[send]: 20:57:03.475244 268 AB
[idle]: 20:57:03.677671 269 
[recv]: 20:57:03.878971 270 Queued Messages: 0
[send]: 20:57:04.081115 271 B
[recv]: 20:57:04.284174 272 Queued Messages: 0
[idle]: 20:57:04.486417 273 
[idle]: 20:57:04.689631 274 
[send]: 20:57:04.892927 275 A
[idle]: 20:57:05.095866 276 
[idle]: 20:57:05.297304 277 
[recv]: 20:57:05.500306 278 Queued Messages: 0
[idle]: 20:57:05.704292 279 
[recv]: 20:57:05.906536 280 Queued Messages: 0
[recv]: 20:57:06.108130 281 Queued Messages: 0
[recv]: 20:57:06.309218 282 Queued Messages: 0
[recv]: 20:57:06.510625 283 Queued Messages: 0
[idle]: 20:57:06.712239 284 
[idle]: 20:57:06.913221 285 
[idle]: 20:57:07.115572 286 
[recv]: 20:57:07.316618 287 Queued Messages: 0
[idle]: 20:57:07.517548 288 
[recv]: 20:57:07.719912 289 Queued Messages: 0
[idle]: 20:57:07.921080 290 
[send]: 20:57:08.124036 291 B
