[recv]: 20:56:09.275130 0 Queued Messages: 0
[recv]: 20:56:09.528074 1 Queued Messages: 0
[send]: 20:56:09.780325 2 AB
[send]: 20:56:10.031469 3 AB
[send]: 20:56:10.283794 4 B
[idle]: 20:56:10.535422 5 
[idle]: 20:56:10.786594 6 
[idle]: 20:56:11.038309 7 
[idle]: 20:56:11.290449 8 
[send]: 20:56:11.542383 9 AB
[idle]: 20:56:11.794466 10 
[send]: 20:56:12.045652 11 B
[idle]: 20:56:12.297330 12 
[recv]: 20:56:12.548600 15 Queued Messages: 0
[recv]: 20:56:12.799661 17 Queued Messages: 0
[idle]: 20:56:13.052174 18 
[idle]: 20:56:13.303993 19 
[recv]: 20:56:13.555929 20 Queued Messages: 0
[recv]: 20:56:13.807538 22 Queued Messages: 1
[recv]: 20:56:14.058927 23 Queued Messages: 0
[send]: 20:56:14.310405 24 AB
[send]: 20:56:14.562424 25 B
[idle]: 20:56:14.814280 26 
[recv]: 20:56:15.065093 28 Queued Messages: 0
[idle]: 20:56:15.317071 29 
[idle]: 20:56:15.569070 30 
[idle]: 20:56:15.821608 31 
[idle]: 20:56:16.073059 32 
[idle]: 20:56:16.324374 33 
[recv]: 20:56:16.575981 36 Queued Messages: 0
[idle]: 20:56:16.827344 37 
[idle]: 20:56:17.078957 38 
[recv]: 20:56:17.330478 39 Queued Messages: 0
[idle]: 20:56:17.582208 40 
[send]: 20:56:17.833415 41 A
[idle]: 20:56:18.086614 42 
[idle]: 20:56:18.338525 43 
[recv]: 20:56:18.590065 46 Queued Messages: 0
[idle]: 20:56:18.842056 47 
[send]: 20:56:19.094198 48 B
[idle]: 20:56:19.346742 49 
[recv]: 20:56:19.599439 51 Queued Messages: 0
[idle]: 20:56:19.852569 52 
[idle]: 20:56:20.103881 53 
[idle]: 20:56:20.357291 54 
[send]: 20:56:20.608559 55 B
[idle]: 20:56:20.861026 56 
[send]: 20:56:21.112589 57 A
[idle]: 20:56:21.365408 58 
[recv]: 20:56:21.616766 61 Queued Messages: 0
[idle]: 20:56:21.868250 62 
[recv]: 20:56:22.121130 63 Queued Messages: 0
[send]: 20:56:22.372753 64 B
[recv]: 20:56:22.625246 66 Queued Messages: 0
[idle]: 20:56:22.876374 67 
[recv]: 20:56:23.128548 68 Queued Messages: 0
[send]: 20:56:23.380278 69 A
[idle]: 20:56:23.632421 70 
[idle]: 20:56:23.883893 71 
[idle]: 20:56:24.135472 72 
[idle]: 20:56:24.386648 73 
[send]: 20:56:24.639313 74 AB
[idle]: 20:56:24.889830 75 
[idle]: 20:56:25.141137 76 
[idle]: 20:56:25.392617 77 
[idle]: 20:56:25.644051 78 
[idle]: 20:56:25.895152 79 
[send]: 20:56:26.146031 80 AB
[idle]: 20:56:26.397856 81 
[recv]: 20:56:26.648751 86 Queued Messages: 0
[send]: 20:56:26.900042 87 AB
[idle]: 20:56:27.152231 88 
[idle]: 20:56:27.404670 89 
[idle]: 20:56:27.659255 90 
[idle]: 20:56:27.915632 91 
[idle]: 20:56:28.167404 92 
[recv]: 20:56:28.419596 94 Queued Messages: 0
[send]: 20:56:28.671312 95 B
[send]: 20:56:28.923379 96 B
[idle]: 20:56:29.175876 97 
[recv]: 20:56:29.428642 99 Queued Messages: 0
[recv]: 20:56:29.680100 101 Queued Messages: 0
[idle]: 20:56:29.933228 102 
[recv]: 20:56:30.184643 103 Queued Messages: 1
[recv]: 20:56:30.443218 104 Queued Messages: 0
[send]: 20:56:30.694842 105 AB
[send]: 20:56:30.946925 106 AB
[idle]: 20:56:31.198671 107 
[idle]: 20:56:31.450335 108 
[idle]: 20:56:31.701781 109 
[recv]: 20:56:31.953531 111 Queued Messages: 1
[recv]: 20:56:32.204996 112 Queued Messages: 2
[recv]: 20:56:32.457657 113 Queued Messages: 2
[recv]: 20:56:32.708754 114 Queued Messages: 2
[recv]: 20:56:32.960601 115 Queued Messages: 2
[recv]: 20:56:33.213252 116 Queued Messages: 1
[recv]: 20:56:33.464709 117 Queued Messages: 0
[idle]: 20:56:33.717674 118 
[recv]: 20:56:33.969261 121 Queued Messages: 0
[idle]: 20:56:34.220581 122 
[idle]: 20:56:34.471460 123 
[idle]: 20:56:34.723353 124 
[recv]: 20:56:34.974348 127 Queued Messages: 1
[recv]: 20:56:35.225342 128 Queued Messages: 1
[recv]: 20:56:35.476219 129 Queued Messages: 0
[idle]: 20:56:35.727517 130 
[recv]: 20:56:35.978722 131 Queued Messages: 1
[recv]: 20:56:36.230357 132 Queued Messages: 0
[idle]: 20:56:36.482045 133 
[idle]: 20:56:36.734033 134 
[recv]: 20:56:36.986077 137 Queued Messages: 0
[idle]: 20:56:37.238284 138 
[send]: 20:56:37.490565 139 AB
[send]: 20:56:37.742303 140 B
[recv]: 20:56:37.994272 141 Queued Messages: 0
[recv]: 20:56:38.246082 143 Queued Messages: 0
[recv]: 20:56:38.497750 144 Queued Messages: 0
[idle]: 20:56:38.750323 145 
[recv]: 20:56:39.001872 147 Queued Messages: 0
[recv]: 20:56:39.253198 148 Queued Messages: 0
[idle]: 20:56:39.504758 149 
[send]: 20:56:39.756458 150 A
[recv]: 20:56:40.008156 151 Queued Messages: 0
[recv]: 20:56:40.260414 153 Queued Messages: 0
[idle]: 20:56:40.512045 154 
[idle]: 20:56:40.764566 155 
[recv]: 20:56:41.018043 156 Queued Messages: 1
[recv]: 20:56:41.268920 157 Queued Messages: 0
[idle]: 20:56:41.520826 158 
[send]: 20:56:41.772326 159 A
[idle]: 20:56:42.025333 160 
[recv]: 20:56:42.277710 163 Queued Messages: 1
[recv]: 20:56:42.531212 164 Queued Messages: 0
[idle]: 20:56:42.784951 165 
[idle]: 20:56:43.036183 166 
[recv]: 20:56:43.288108 168 Queued Messages: 0
[recv]: 20:56:43.541447 169 Queued Messages: 0
[send]: 20:56:43.796788 170 B
[idle]: 20:56:44.051143 171 
[recv]: 20:56:44.302412 172 Queued Messages: 0
[idle]: 20:56:44.554689 173 
[recv]: 20:56:44.805404 175 Queued Messages: 0
[recv]: 20:56:45.056471 176 Queued Messages: 0
[idle]: 20:56:45.307746 177 
[send]: 20:56:45.559213 178 AB
[send]: 20:56:45.810742 179 AB
[send]: 20:56:46.064428 180 B
[idle]: 20:56:46.315593 181 
[recv]: 20:56:46.566977 183 Queued Messages: 1
[recv]: 20:56:46.818594 184 Queued Messages: 0
[recv]: 20:56:47.070830 186 Queued Messages: 0
[idle]: 20:56:47.322204 187 
[recv]: 20:56:47.573585 189 Queued Messages: 0
[idle]: 20:56:47.825271 190 
[recv]: 20:56:48.076103 191 Queued Messages: 0
[send]: 20:56:48.327513 192 B
[recv]: 20:56:48.579070 193 Queued Messages: 0
[idle]: 20:56:48.830751 194 
[send]: 20:56:49.082405 195 AB
[idle]: 20:56:49.335568 196 
[recv]: 20:56:49.587884 199 Queued Messages: 0
[send]: 20:56:49.840065 200 B
[recv]: 20:56:50.093273 201 Queued Messages: 0
[send]: 20:56:50.347315 202 AB
[idle]: 20:56:50.598252 203 
[recv]: 20:56:50.850552 205 Queued Messages: 0
[idle]: 20:56:51.101600 206 
[idle]: 20:56:51.352912 207 
[send]: 20:56:51.603962 208 A
[idle]: 20:56:51.855882 209 
[idle]: 20:56:52.107487 210 
[send]: 20:56:52.359522 211 B
[idle]: 20:56:52.610921 212 
[recv]: 20:56:52.863263 215 Queued Messages: 0
[idle]: 20:56:53.115501 216 
[recv]: 20:56:53.368102 217 Queued Messages: 0
[recv]: 20:56:53.619479 219 Queued Messages: 0
[recv]: 20:56:53.870351 220 Queued Messages: 0
[recv]: 20:56:54.121426 221 Queued Messages: 0
[idle]: 20:56:54.372310 222 
[recv]: 20:56:54.624189 223 Queued Messages: 1
[recv]: 20:56:54.874988 224 Queued Messages: 1
[recv]: 20:56:55.125970 225 Queued Messages: 0
[idle]: 20:56:55.377045 226 
[send]: 20:56:55.628905 227 A
[idle]: 20:56:55.880040 228 
[idle]: 20:56:56.132693 229 
[idle]: 20:56:56.385417 230 
[recv]: 20:56:56.638000 233 Queued Messages: 1
[recv]: 20:56:56.889245 234 Queued Messages: 0
[idle]: 20:56:57.141005 235 
[send]: 20:56:57.392802 236 B
[recv]: 20:56:57.646922 239 Queued Messages: 0
[recv]: 20:56:57.897886 240 Queued Messages: 0
[recv]: 20:56:58.151566 241 Queued Messages: 0
[idle]: 20:56:58.403374 242 
[idle]: 20:56:58.654174 243 
[idle]: 20:56:58.905157 244 
[idle]: 20:56:59.156857 245 
[idle]: 20:56:59.407976 246 
[recv]: 20:56:59.659217 249 Queued Messages: 0
[idle]: 20:56:59.912157 250 
[recv]: 20:57:00.163114 251 Queued Messages: 0
[recv]: 20:57:00.417222 252 Queued Messages: 0
[idle]: 20:57:00.668562 253 
[idle]: 20:57:00.920169 254 
[idle]: 20:57:01.172343 255 
[idle]: 20:57:01.424215 256 
[idle]: 20:57:01.675771 257 
[send]: 20:57:01.929321 258 A
[idle]: 20:57:02.179997 259 
[recv]: 20:57:02.430750 262 Queued Messages: 0
[idle]: 20:57:02.681710 263 
[idle]: 20:57:02.933067 264 
[idle]: 20:57:03.184500 265 
[idle]: 20:57:03.436063 266 
[recv]: 20:57:03.687006 268 Queued Messages: 0
[idle]: 20:57:03.939015 269 
[idle]: 20:57:04.191229 270 
[idle]: 20:57:04.444213 271 
[send]: 20:57:04.695635 272 B
[recv]: 20:57:04.947827 275 Queued Messages: 0
[idle]: 20:57:05.200058 276 
[send]: 20:57:05.451459 277 AB
[idle]: 20:57:05.704292 278 
[recv]: 20:57:05.956419 280 Queued Messages: 0
[send]: 20:57:06.207740 281 B
[send]: 20:57:06.459584 282 AB
[idle]: 20:57:06.712239 283 
[recv]: 20:57:06.962663 285 Queued Messages: 0
[send]: 20:57:07.214628 286 AB
[send]: 20:57:07.466713 287 B
[send]: 20:57:07.717155 288 A
[recv]: 20:57:07.969423 289 Queued Messages: 0
[idle]: 20:57:08.220719 290 
