[send]: 20:59:10.095980 0 AB
[recv]: 20:59:10.264434 1 Queued Messages: 0
[send]: 20:59:10.432811 2 AB
[idle]: 20:59:10.601178 3 
[idle]: 20:59:10.769029 4 
[send]: 20:59:10.936897 5 AB
[send]: 20:59:11.105111 6 A
[idle]: 20:59:11.273979 7 
[send]: 20:59:11.441275 8 AB
[send]: 20:59:11.609440 9 AB
[idle]: 20:59:11.778091 10 
[send]: 20:59:11.946202 11 AB
[send]: 20:59:12.115196 12 A
[idle]: 20:59:12.283178 13 
[idle]: 20:59:12.451220 14 
[idle]: 20:59:12.618867 15 
[idle]: 20:59:12.787183 16 
[send]: 20:59:12.955273 17 AB
[send]: 20:59:13.123938 18 AB
[send]: 20:59:13.292097 19 AB
[idle]: 20:59:13.460353 20 
[idle]: 20:59:13.628411 21 
[send]: 20:59:13.796620 22 B
[send]: 20:59:13.964752 23 B
[idle]: 20:59:14.135106 24 
[idle]: 20:59:14.302772 25 
[recv]: 20:59:14.470645 26 Queued Messages: 0
[idle]: 20:59:14.639210 27 
[idle]: 20:59:14.807615 28 
[idle]: 20:59:14.979002 29 
[recv]: 20:59:15.147168 30 Queued Messages: 0
[idle]: 20:59:15.316219 31 
[send]: 20:59:15.484617 32 AB
[idle]: 20:59:15.653604 33 
[idle]: 20:59:15.837661 34 
[send]: 20:59:16.008092 35 AB
[idle]: 20:59:16.177487 36 
[send]: 20:59:16.345174 37 AB
[idle]: 20:59:16.513818 38 
[send]: 20:59:16.681860 39 AB
[send]: 20:59:16.850328 40 A
[idle]: 20:59:17.018465 41 
[send]: 20:59:17.186053 42 A
[idle]: 20:59:17.354063 43 
[idle]: 20:59:17.522049 44 
[send]: 20:59:17.690080 45 AB
[idle]: 20:59:17.858545 46 
[send]: 20:59:18.026611 47 AB
[send]: 20:59:18.195828 48 A
[idle]: 20:59:18.364005 49 
[send]: 20:59:18.533148 50 A
[idle]: 20:59:18.700925 51 
[send]: 20:59:18.868945 52 AB
[send]: 20:59:19.037005 53 B
[send]: 20:59:19.204704 54 B
[send]: 20:59:19.372673 55 AB
[send]: 20:59:19.540213 56 AB
[idle]: 20:59:19.709048 57 
[idle]: 20:59:19.876793 58 
[send]: 20:59:20.044624 59 B
[recv]: 20:59:20.212540 60 Queued Messages: 0
[send]: 20:59:20.380133 61 AB
[idle]: 20:59:20.547582 62 
[idle]: 20:59:20.715776 63 
[send]: 20:59:20.883850 64 AB
[send]: 20:59:21.052608 65 AB
[idle]: 20:59:21.220892 66 
[idle]: 20:59:21.388976 67 
[send]: 20:59:21.556956 68 B
[idle]: 20:59:21.725421 69 
[recv]: 20:59:21.893478 70 Queued Messages: 0
[send]: 20:59:22.061457 71 AB
[idle]: 20:59:22.229477 72 
[send]: 20:59:22.397652 73 AB
[idle]: 20:59:22.565346 74 
[idle]: 20:59:22.734017 75 
[idle]: 20:59:22.901620 76 
[send]: 20:59:23.069848 77 AB
[idle]: 20:59:23.238360 78 
[idle]: 20:59:23.406820 79 
[recv]: 20:59:23.574729 80 Queued Messages: 0
[idle]: 20:59:23.743558 81 
[idle]: 20:59:23.911289 82 
[idle]: 20:59:24.079803 83 
[send]: 20:59:24.248767 84 AB
[send]: 20:59:24.417671 85 AB
[idle]: 20:59:24.586442 86 
[send]: 20:59:24.754670 87 B
[send]: 20:59:24.922528 88 AB
[idle]: 20:59:25.091242 89 
[idle]: 20:59:25.259318 90 
[send]: 20:59:25.428448 91 AB
[idle]: 20:59:25.595987 92 
[idle]: 20:59:25.764105 93 
[idle]: 20:59:25.932303 94 
[idle]: 20:59:26.100338 95 
[idle]: 20:59:26.268483 96 
[idle]: 20:59:26.436529 97 
[idle]: 20:59:26.605113 98 
[send]: 20:59:26.773898 99 B
[send]: 20:59:26.942556 100 AB
[send]: 20:59:27.112767 101 B
[send]: 20:59:27.280601 102 AB
[send]: 20:59:27.449673 103 B
[send]: 20:59:27.620151 104 AB
[send]: 20:59:27.787909 105 B
[send]: 20:59:27.957383 106 B
[idle]: 20:59:28.126320 107 
[recv]: 20:59:28.294495 108 Queued Messages: 0
[send]: 20:59:28.463160 109 AB
[send]: 20:59:28.633527 110 A
[send]: 20:59:28.801902 111 A
[idle]: 20:59:28.971043 112 
[send]: 20:59:29.139476 113 A
[idle]: 20:59:29.307667 114 
[idle]: 20:59:29.476381 115 
[idle]: 20:59:29.644058 116 
[send]: 20:59:29.812141 117 A
[idle]: 20:59:29.982219 118 
[idle]: 20:59:30.149564 119 
[recv]: 20:59:30.317243 120 Queued Messages: 0
[idle]: 20:59:30.484984 121 
[idle]: 20:59:30.653508 122 
[send]: 20:59:30.821292 123 A
[idle]: 20:59:30.989242 124 
[idle]: 20:59:31.156803 125 
[recv]: 20:59:31.324588 126 Queued Messages: 0
[idle]: 20:59:31.493094 127 
[recv]: 20:59:31.661115 128 Queued Messages: 0
[idle]: 20:59:31.829337 129 
[idle]: 20:59:31.997369 130 
[idle]: 20:59:32.165242 131 
[idle]: 20:59:32.333287 132 
[send]: 20:59:32.501260 133 B
[recv]: 20:59:32.669268 134 Queued Messages: 0
[idle]: 20:59:32.837421 135 
[recv]: 20:59:33.005493 136 Queued Messages: 0
[idle]: 20:59:33.174286 137 
[idle]: 20:59:33.341716 138 
[idle]: 20:59:33.510298 139 
[send]: 20:59:33.678028 140 AB
[idle]: 20:59:33.846232 141 
[idle]: 20:59:34.014559 142 
[idle]: 20:59:34.182442 143 
[recv]: 20:59:34.350058 144 Queued Messages: 0
[idle]: 20:59:34.518185 145 
[recv]: 20:59:34.685922 146 Queued Messages: 0
[send]: 20:59:34.854779 147 AB
[idle]: 20:59:35.022551 148 
[idle]: 20:59:35.191114 149 
[idle]: 20:59:35.359446 150 
[send]: 20:59:35.528038 151 AB
[idle]: 20:59:35.695936 152 
[idle]: 20:59:35.864269 153 
[send]: 20:59:36.032282 154 AB
[send]: 20:59:36.200188 155 AB
[send]: 20:59:36.368312 156 AB
[send]: 20:59:36.536607 157 B
[send]: 20:59:36.704424 158 AB
[idle]: 20:59:36.872991 159 
[idle]: 20:59:37.040832 160 
[send]: 20:59:37.208651 161 AB
[send]: 20:59:37.378437 162 AB
[idle]: 20:59:37.545707 163 
[idle]: 20:59:37.714202 164 
[send]: 20:59:37.883189 165 B
[send]: 20:59:38.052569 166 A
[send]: 20:59:38.220605 167 AB
[send]: 20:59:38.389834 168 AB
[idle]: 20:59:38.558602 169 
[idle]: 20:59:38.727198 170 
[send]: 20:59:38.895048 171 B
[idle]: 20:59:39.064440 172 
[send]: 20:59:39.232204 173 B
[send]: 20:59:39.400647 174 AB
[send]: 20:59:39.569321 175 AB
[idle]: 20:59:39.738141 176 
[send]: 20:59:39.906865 177 B
[send]: 20:59:40.075457 178 AB
[idle]: 20:59:40.244222 179 
[send]: 20:59:40.413008 180 AB
[idle]: 20:59:40.582067 181 
[send]: 20:59:40.750655 182 AB
[idle]: 20:59:40.918861 183 
[idle]: 20:59:41.087907 184 
[idle]: 20:59:41.256180 185 
[recv]: 20:59:41.424687 186 Queued Messages: 0
[send]: 20:59:41.593421 187 B
[idle]: 20:59:41.762519 188 
[idle]: 20:59:41.930416 189 
[send]: 20:59:42.099029 190 AB
[idle]: 20:59:42.267949 191 
[idle]: 20:59:42.436599 192 
[idle]: 20:59:42.606654 193 
[send]: 20:59:42.774487 194 B
[send]: 20:59:42.943725 195 AB
[send]: 20:59:43.113316 196 A
[idle]: 20:59:43.282178 197 
[send]: 20:59:43.450841 198 AB
[idle]: 20:59:43.620403 199 
[idle]: 20:59:43.789306 200 
[idle]: 20:59:43.958394 201 
[recv]: 20:59:44.127538 202 Queued Messages: 0
[idle]: 20:59:44.296010 203 
[idle]: 20:59:44.464302 204 
[send]: 20:59:44.633053 205 A
[idle]: 20:59:44.800907 206 
[send]: 20:59:44.970135 207 B
[recv]: 20:59:45.138295 208 Queued Messages: 0
[send]: 20:59:45.306906 209 A
[idle]: 20:59:45.475890 210 
[send]: 20:59:45.644598 211 B
[idle]: 20:59:45.812726 212 
[send]: 20:59:45.980776 213 AB
[send]: 20:59:46.149271 214 AB
[send]: 20:59:46.317493 215 A
[idle]: 20:59:46.485674 216 
[idle]: 20:59:46.653562 217 
[idle]: 20:59:46.821550 218 
[idle]: 20:59:46.989479 219 
[recv]: 20:59:47.157659 220 Queued Messages: 0
[idle]: 20:59:47.325523 221 
[send]: 20:59:47.493026 222 AB
[idle]: 20:59:47.661089 223 
[idle]: 20:59:47.828872 224 
[idle]: 20:59:47.997054 225 
[send]: 20:59:48.165213 226 B
[send]: 20:59:48.333552 227 AB
[send]: 20:59:48.503129 228 AB
[idle]: 20:59:48.672411 229 
[idle]: 20:59:48.841933 230 
[send]: 20:59:49.010591 231 A
[idle]: 20:59:49.179730 232 
[idle]: 20:59:49.348788 233 
[idle]: 20:59:49.518706 234 
[send]: 20:59:49.687334 235 AB
[idle]: 20:59:49.856087 236 
[send]: 20:59:50.024994 237 AB
[send]: 20:59:50.194230 238 AB
[idle]: 20:59:50.362608 239 
[send]: 20:59:50.532096 240 AB
[send]: 20:59:50.700228 241 AB
[send]: 20:59:50.869035 242 A
[send]: 20:59:51.037878 243 A
[send]: 20:59:51.205510 244 A
[send]: 20:59:51.373121 245 A
[send]: 20:59:51.541089 246 AB
[idle]: 20:59:51.709425 247 
[idle]: 20:59:51.876978 248 
[send]: 20:59:52.044657 249 B
[send]: 20:59:52.212631 250 AB
[idle]: 20:59:52.380512 251 
[idle]: 20:59:52.547884 252 
[send]: 20:59:52.716461 253 AB
[idle]: 20:59:52.885119 254 
[idle]: 20:59:53.052809 255 
[send]: 20:59:53.221054 256 AB
[idle]: 20:59:53.389682 257 
[idle]: 20:59:53.557669 258 
[send]: 20:59:53.725718 259 AB
[send]: 20:59:53.894660 260 AB
[send]: 20:59:54.063715 261 A
[send]: 20:59:54.232231 262 AB
[idle]: 20:59:54.400202 263 
[send]: 20:59:54.568081 264 A
[send]: 20:59:54.736377 265 B
[idle]: 20:59:54.904274 266 
[send]: 20:59:55.074456 267 AB
[idle]: 20:59:55.242271 268 
[send]: 20:59:55.410339 269 AB
[idle]: 20:59:55.578798 270 
[idle]: 20:59:55.747264 271 
[send]: 20:59:55.915508 272 B
[idle]: 20:59:56.083597 273 
[idle]: 20:59:56.251917 274 
[idle]: 20:59:56.420989 275 
[idle]: 20:59:56.589138 276 
[idle]: 20:59:56.757517 277 
[idle]: 20:59:56.925857 278 
[recv]: 20:59:57.093890 279 Queued Messages: 0
[idle]: 20:59:57.261751 280 
[recv]: 20:59:57.430012 281 Queued Messages: 0
[send]: 20:59:57.597728 282 B
[idle]: 20:59:57.766521 283 
[idle]: 20:59:57.934522 284 
[recv]: 20:59:58.102645 285 Queued Messages: 0
[idle]: 20:59:58.270425 286 
[recv]: 20:59:58.438377 287 Queued Messages: 0
[idle]: 20:59:58.606805 288 
[idle]: 20:59:58.776495 289 
[idle]: 20:59:58.945203 290 
[recv]: 20:59:59.113845 291 Queued Messages: 0
[idle]: 20:59:59.282289 292 
[idle]: 20:59:59.451272 293 
[send]: 20:59:59.619634 294 AB
[idle]: 20:59:59.788744 295 
[send]: 20:59:59.958018 296 AB
[idle]: 21:00:00.125965 297 
[idle]: 21:00:00.293557 298 
[send]: 21:00:00.462951 299 AB
[idle]: 21:00:00.631194 300 
[idle]: 21:00:00.801757 301 
[idle]: 21:00:00.969388 302 
[send]: 21:00:01.136921 303 A
[send]: 21:00:01.304808 304 AB
[idle]: 21:00:01.472862 305 
[idle]: 21:00:01.640438 306 
[idle]: 21:00:01.808130 307 
[send]: 21:00:01.976046 308 AB
[idle]: 21:00:02.143889 309 
[send]: 21:00:02.311550 310 A
[send]: 21:00:02.479403 311 AB
[send]: 21:00:02.647615 312 AB
[idle]: 21:00:02.815921 313 
[idle]: 21:00:02.983967 314 
[send]: 21:00:03.151722 315 AB
[idle]: 21:00:03.319935 316 
[send]: 21:00:03.488606 317 A
[idle]: 21:00:03.657177 318 
[send]: 21:00:03.825235 319 AB
[idle]: 21:00:03.993624 320 
[idle]: 21:00:04.161366 321 
[send]: 21:00:04.329215 322 AB
[send]: 21:00:04.497477 323 AB
[send]: 21:00:04.665735 324 A
[send]: 21:00:04.833762 325 A
[send]: 21:00:05.001851 326 A
[idle]: 21:00:05.170076 327 
[send]: 21:00:05.338397 328 A
[idle]: 21:00:05.508067 329 
[send]: 21:00:05.675545 330 AB
[send]: 21:00:05.843747 331 AB
[send]: 21:00:06.012134 332 AB
[idle]: 21:00:06.180516 333 
[idle]: 21:00:06.349091 334 
[idle]: 21:00:06.518265 335 
[send]: 21:00:06.686753 336 B
[idle]: 21:00:06.854943 337 
[idle]: 21:00:07.022615 338 
[idle]: 21:00:07.190801 339 
[idle]: 21:00:07.358702 340 
[send]: 21:00:07.526609 341 AB
[idle]: 21:00:07.695090 342 
[idle]: 21:00:07.863152 343 
[idle]: 21:00:08.031065 344 
[send]: 21:00:08.198936 345 A
[send]: 21:00:08.367132 346 A
[idle]: 21:00:08.535497 347 
[send]: 21:00:08.705367 348 B
[send]: 21:00:08.873387 349 B
[idle]: 21:00:09.042667 350 
[recv]: 21:00:09.211925 351 Queued Messages: 0
[send]: 21:00:09.380981 352 AB
